<?xml version="1.0" encoding="UTF-8"?>
<!-- Generated by org.testng.reporters.JUnitXMLReporter -->
<testsuite hostname="New-PC" ignored="4" name="Holiday homes verification test in Chrome " tests="3" failures="0" timestamp="2020-06-22T12:14:05 IST" time="256.487" errors="0">
  <testcase name="fetchCruises" time="81.591" classname="com.cognizant.tests.testScenario6.TC61_CruiseButtonChecking"/>
  <testcase name="fetchCruises" time="51.24" classname="com.cognizant.tests.testScenario6.TC62_CruiseDropdownChecking"/>
  <testcase name="fetchCruises" time="15.955" classname="com.cognizant.tests.testScenario6.TC63_CheckSearchButton"/>
  <testcase name="@BeforeSuite driverSetup" time="0.0" classname="com.cognizant.utilities.DriverSetup">
    <ignored/>
  </testcase> <!-- @BeforeSuite driverSetup -->
  <testcase name="@BeforeSuite driverSetup" time="0.0" classname="com.cognizant.utilities.DriverSetup">
    <ignored/>
  </testcase> <!-- @BeforeSuite driverSetup -->
  <testcase name="@AfterSuite closeDriverSetup" time="0.0" classname="com.cognizant.utilities.DriverSetup">
    <ignored/>
  </testcase> <!-- @AfterSuite closeDriverSetup -->
  <testcase name="@AfterSuite closeDriverSetup" time="0.0" classname="com.cognizant.utilities.DriverSetup">
    <ignored/>
  </testcase> <!-- @AfterSuite closeDriverSetup -->
</testsuite> <!-- Holiday homes verification test in Chrome  -->
