<?xml version="1.0" encoding="UTF-8"?>
<testng-results skipped="0" failed="0" ignored="0" total="1" passed="1">
  <reporter-output>
  </reporter-output>
  <suite name="SmokeSuite" duration-ms="85523" started-at="2020-06-17T14:15:26 IST" finished-at="2020-06-17T14:16:52 IST">
    <groups>
      <group name="SmokeTest">
        <method signature="TC11_CheckAutoSuggestion.fetchHolidayHomes()[pri:0, instance:com.cognizant.tests.testScenario1.TC11_CheckAutoSuggestion@1deb50e]" name="fetchHolidayHomes" class="com.cognizant.tests.testScenario1.TC11_CheckAutoSuggestion"/>
      </group> <!-- SmokeTest -->
    </groups>
    <test name="Holiday homes verification test" duration-ms="85523" started-at="2020-06-17T14:15:26 IST" finished-at="2020-06-17T14:16:52 IST">
      <class name="com.cognizant.tests.testScenario1.TC11_CheckAutoSuggestion">
        <test-method status="PASS" signature="driverSetup()[pri:0, instance:com.cognizant.tests.testScenario1.TC11_CheckAutoSuggestion@1deb50e]" name="driverSetup" is-config="true" duration-ms="85232" started-at="2020-06-17T14:14:01 IST" finished-at="2020-06-17T14:15:26 IST">
          <reporter-output>
          </reporter-output>
        </test-method> <!-- driverSetup -->
        <test-method status="PASS" signature="startApplication()[pri:0, instance:com.cognizant.tests.testScenario1.TC11_CheckAutoSuggestion@1deb50e]" name="startApplication" is-config="true" duration-ms="23873" started-at="2020-06-17T14:15:26 IST" finished-at="2020-06-17T14:15:50 IST">
          <reporter-output>
          </reporter-output>
        </test-method> <!-- startApplication -->
        <test-method status="PASS" signature="fetchHolidayHomes()[pri:0, instance:com.cognizant.tests.testScenario1.TC11_CheckAutoSuggestion@1deb50e]" name="fetchHolidayHomes" duration-ms="61476" started-at="2020-06-17T14:15:50 IST" finished-at="2020-06-17T14:16:52 IST">
          <reporter-output>
          </reporter-output>
        </test-method> <!-- fetchHolidayHomes -->
        <test-method status="PASS" signature="endApplication()[pri:0, instance:com.cognizant.tests.testScenario1.TC11_CheckAutoSuggestion@1deb50e]" name="endApplication" is-config="true" duration-ms="3" started-at="2020-06-17T14:16:52 IST" finished-at="2020-06-17T14:16:52 IST">
          <reporter-output>
          </reporter-output>
        </test-method> <!-- endApplication -->
        <test-method status="PASS" signature="closeDriverSetup()[pri:0, instance:com.cognizant.tests.testScenario1.TC11_CheckAutoSuggestion@1deb50e]" name="closeDriverSetup" is-config="true" duration-ms="6703" started-at="2020-06-17T14:16:52 IST" finished-at="2020-06-17T14:16:59 IST">
          <reporter-output>
          </reporter-output>
        </test-method> <!-- closeDriverSetup -->
      </class> <!-- com.cognizant.tests.testScenario1.TC11_CheckAutoSuggestion -->
    </test> <!-- Holiday homes verification test -->
  </suite> <!-- SmokeSuite -->
</testng-results>
