<?xml version="1.0" encoding="UTF-8"?>
<!-- Generated by org.testng.reporters.JUnitXMLReporter -->
<testsuite hostname="New-PC" ignored="0" name="Cruise test" tests="2" failures="0" timestamp="2020-06-22T22:05:55 IST" time="186.107" errors="0">
  <testcase name="fetchCruises" time="72.847" classname="com.cognizant.tests.testScenario6.TC64_FetchCruiseDetails"/>
  <testcase name="fetchCruises" time="42.527" classname="com.cognizant.tests.testScenario6.TC64_FetchCruiseDetails"/>
</testsuite> <!-- Cruise test -->
