<?xml version="1.0" encoding="UTF-8"?>
<testng-results skipped="0" failed="10" ignored="32" total="54" passed="12">
  <reporter-output>
  </reporter-output>
  <suite name="Suite" duration-ms="1935067" started-at="2020-06-23T22:21:14 IST" finished-at="2020-06-23T22:53:29 IST">
    <groups>
      <group name="SmokeTest">
        <method signature="TC11_CheckAutoSuggestion.fetchHolidayHomes()[pri:0, instance:com.cognizant.tests.testScenario1.TC11_CheckAutoSuggestion@b1ffe6]" name="fetchHolidayHomes" class="com.cognizant.tests.testScenario1.TC11_CheckAutoSuggestion"/>
        <method signature="TC12_VerifyHolidayHomesViaMoreTab.fetchHolidayHomes()[pri:0, instance:com.cognizant.tests.testScenario1.TC12_VerifyHolidayHomesViaMoreTab@1fc5fb8]" name="fetchHolidayHomes" class="com.cognizant.tests.testScenario1.TC12_VerifyHolidayHomesViaMoreTab"/>
        <method signature="TC13_SearchBarHolidayHomes.fetchHolidayHomes()[pri:0, instance:com.cognizant.tests.testScenario1.TC13_SearchBarHolidayHomes@7aecef]" name="fetchHolidayHomes" class="com.cognizant.tests.testScenario1.TC13_SearchBarHolidayHomes"/>
        <method signature="TC14_VerifyWithDifferentLocationName.fetchHolidayHomes(java.lang.String)[pri:0, instance:com.cognizant.tests.testScenario1.TC14_VerifyWithDifferentLocationName@150efb8]" name="fetchHolidayHomes" class="com.cognizant.tests.testScenario1.TC14_VerifyWithDifferentLocationName"/>
        <method signature="TC31_CheckGuestButton.fetchHolidayHomes()[pri:0, instance:com.cognizant.tests.testScenario3.TC31_CheckGuestButton@7f6b8c]" name="fetchHolidayHomes" class="com.cognizant.tests.testScenario3.TC31_CheckGuestButton"/>
        <method signature="TC32_GuestCountVerification.fetchHolidayHomes()[pri:0, instance:com.cognizant.tests.testScenario3.TC32_GuestCountVerification@187f14]" name="fetchHolidayHomes" class="com.cognizant.tests.testScenario3.TC32_GuestCountVerification"/>
        <method signature="TC41_SortByFilter.fetchHolidayHomes()[pri:0, instance:com.cognizant.tests.testScenario4.TC41_SortByFilter@1195bc3]" name="fetchHolidayHomes" class="com.cognizant.tests.testScenario4.TC41_SortByFilter"/>
        <method signature="TC42_AmenitiesBasedFilter.fetchHolidayHomes()[pri:0, instance:com.cognizant.tests.testScenario4.TC42_AmenitiesBasedFilter@1e2adc7]" name="fetchHolidayHomes" class="com.cognizant.tests.testScenario4.TC42_AmenitiesBasedFilter"/>
        <method signature="TC43_SuitabilityBasedFilter.fetchHolidayHomes()[pri:0, instance:com.cognizant.tests.testScenario4.TC43_SuitabilityBasedFilter@8a8f7c]" name="fetchHolidayHomes" class="com.cognizant.tests.testScenario4.TC43_SuitabilityBasedFilter"/>
        <method signature="TC44_ClearFilters.fetchHolidayHomes()[pri:0, instance:com.cognizant.tests.testScenario4.TC44_ClearFilters@153b3e6]" name="fetchHolidayHomes" class="com.cognizant.tests.testScenario4.TC44_ClearFilters"/>
        <method signature="TC61_CruiseButtonChecking.fetchCruises()[pri:0, instance:com.cognizant.tests.testScenario6.TC61_CruiseButtonChecking@f93a98]" name="fetchCruises" class="com.cognizant.tests.testScenario6.TC61_CruiseButtonChecking"/>
        <method signature="TC62_CruiseDropdownChecking.fetchCruises()[pri:0, instance:com.cognizant.tests.testScenario6.TC62_CruiseDropdownChecking@46bcd4]" name="fetchCruises" class="com.cognizant.tests.testScenario6.TC62_CruiseDropdownChecking"/>
        <method signature="TC63_CheckSearchButton.fetchCruises()[pri:0, instance:com.cognizant.tests.testScenario6.TC63_CheckSearchButton@34e239]" name="fetchCruises" class="com.cognizant.tests.testScenario6.TC63_CheckSearchButton"/>
      </group> <!-- SmokeTest -->
      <group name="Cruise">
        <method signature="TC64_FetchCruiseDetails.fetchCruises(java.lang.String, java.lang.String)[pri:0, instance:com.cognizant.tests.testScenario6.TC64_FetchCruiseDetails@1921e20]" name="fetchCruises" class="com.cognizant.tests.testScenario6.TC64_FetchCruiseDetails"/>
      </group> <!-- Cruise -->
      <group name="HolidayHomes">
        <method signature="TC21_FetchHolidaysWithDates.fetchHolidayHomes()[pri:0, instance:com.cognizant.tests.testScenario2.TC21_FetchHolidaysWithDates@2d773b]" name="fetchHolidayHomes" class="com.cognizant.tests.testScenario2.TC21_FetchHolidaysWithDates"/>
        <method signature="TC22_FetchHolidayHomesWithoutDates.fetchHolidayHomes()[pri:0, instance:com.cognizant.tests.testScenario2.TC22_FetchHolidayHomesWithoutDates@173f6d9]" name="fetchHolidayHomes" class="com.cognizant.tests.testScenario2.TC22_FetchHolidayHomesWithoutDates"/>
        <method signature="TC51_FetchHolidaysHomesAllFilters.fetchHolidayHomes(java.lang.String, java.lang.String, java.lang.Double, java.lang.Double, java.lang.String, java.lang.String, java.lang.String)[pri:0, instance:com.cognizant.tests.testScenario5.TC51_FetchHolidaysHomesAllFilters@31330c]" name="fetchHolidayHomes" class="com.cognizant.tests.testScenario5.TC51_FetchHolidaysHomesAllFilters"/>
      </group> <!-- HolidayHomes -->
    </groups>
    <test name="Cruise Test" duration-ms="1935067" started-at="2020-06-23T22:21:14 IST" finished-at="2020-06-23T22:53:29 IST">
      <class name="com.cognizant.tests.testScenario1.TC12_VerifyHolidayHomesViaMoreTab">
        <test-method status="PASS" signature="startApplication()[pri:0, instance:com.cognizant.tests.testScenario1.TC12_VerifyHolidayHomesViaMoreTab@1fc5fb8]" name="startApplication" is-config="true" duration-ms="33229" started-at="2020-06-23T22:23:21 IST" finished-at="2020-06-23T22:23:55 IST">
          <reporter-output>
          </reporter-output>
        </test-method> <!-- startApplication -->
        <test-method status="FAIL" signature="fetchHolidayHomes()[pri:0, instance:com.cognizant.tests.testScenario1.TC12_VerifyHolidayHomesViaMoreTab@1fc5fb8]" name="fetchHolidayHomes" duration-ms="52096" started-at="2020-06-23T22:23:55 IST" finished-at="2020-06-23T22:24:47 IST">
          <exception class="org.openqa.selenium.NoSuchElementException">
            <message>
              <![CDATA[no such element: Unable to locate element: {"method":"xpath","selector":"//input[contains(@class,'_3qLQ-U8m') and contains(@placeholder,'where')]"}
  (Session info: chrome=83.0.4103.106)
For documentation on this error, please visit: https://www.seleniumhq.org/exceptions/no_such_element.html
Build info: version: '3.141.59', revision: 'e82be7d358', time: '2018-11-14T08:17:03'
System info: host: 'NEW-PC', ip: '192.168.43.251', os.name: 'Windows 7', os.arch: 'x86', os.version: '6.1', java.version: '1.8.0_251'
Driver info: org.openqa.selenium.chrome.ChromeDriver
Capabilities {acceptInsecureCerts: false, browserName: chrome, browserVersion: 83.0.4103.106, chrome: {chromedriverVersion: 83.0.4103.39 (ccbf011cb2d2b..., userDataDir: C:\Users\New\AppData\Local\...}, goog:chromeOptions: {debuggerAddress: localhost:62634}, javascriptEnabled: true, networkConnectionEnabled: false, pageLoadStrategy: normal, platform: WINDOWS, platformName: WINDOWS, proxy: Proxy(), setWindowRect: true, strictFileInteractability: false, timeouts: {implicit: 0, pageLoad: 300000, script: 30000}, unhandledPromptBehavior: dismiss and notify, webauthn:virtualAuthenticators: true}
Session ID: cc21e9fb68e3ff896fd67e5c0a429b2a
*** Element info: {Using=xpath, value=//input[contains(@class,'_3qLQ-U8m') and contains(@placeholder,'where')]}]]>
            </message>
            <full-stacktrace>
              <![CDATA[org.openqa.selenium.NoSuchElementException: no such element: Unable to locate element: {"method":"xpath","selector":"//input[contains(@class,'_3qLQ-U8m') and contains(@placeholder,'where')]"}
  (Session info: chrome=83.0.4103.106)
For documentation on this error, please visit: https://www.seleniumhq.org/exceptions/no_such_element.html
Build info: version: '3.141.59', revision: 'e82be7d358', time: '2018-11-14T08:17:03'
System info: host: 'NEW-PC', ip: '192.168.43.251', os.name: 'Windows 7', os.arch: 'x86', os.version: '6.1', java.version: '1.8.0_251'
Driver info: org.openqa.selenium.chrome.ChromeDriver
Capabilities {acceptInsecureCerts: false, browserName: chrome, browserVersion: 83.0.4103.106, chrome: {chromedriverVersion: 83.0.4103.39 (ccbf011cb2d2b..., userDataDir: C:\Users\New\AppData\Local\...}, goog:chromeOptions: {debuggerAddress: localhost:62634}, javascriptEnabled: true, networkConnectionEnabled: false, pageLoadStrategy: normal, platform: WINDOWS, platformName: WINDOWS, proxy: Proxy(), setWindowRect: true, strictFileInteractability: false, timeouts: {implicit: 0, pageLoad: 300000, script: 30000}, unhandledPromptBehavior: dismiss and notify, webauthn:virtualAuthenticators: true}
Session ID: cc21e9fb68e3ff896fd67e5c0a429b2a
*** Element info: {Using=xpath, value=//input[contains(@class,'_3qLQ-U8m') and contains(@placeholder,'where')]}
at sun.reflect.NativeConstructorAccessorImpl.newInstance0(Native Method)
at sun.reflect.NativeConstructorAccessorImpl.newInstance(NativeConstructorAccessorImpl.java:62)
at sun.reflect.DelegatingConstructorAccessorImpl.newInstance(DelegatingConstructorAccessorImpl.java:45)
at java.lang.reflect.Constructor.newInstance(Constructor.java:423)
at org.openqa.selenium.remote.http.W3CHttpResponseCodec.createException(W3CHttpResponseCodec.java:187)
at org.openqa.selenium.remote.http.W3CHttpResponseCodec.decode(W3CHttpResponseCodec.java:122)
at org.openqa.selenium.remote.http.W3CHttpResponseCodec.decode(W3CHttpResponseCodec.java:49)
at org.openqa.selenium.remote.HttpCommandExecutor.execute(HttpCommandExecutor.java:158)
at org.openqa.selenium.remote.service.DriverCommandExecutor.execute(DriverCommandExecutor.java:83)
at org.openqa.selenium.remote.RemoteWebDriver.execute(RemoteWebDriver.java:552)
at org.openqa.selenium.remote.RemoteWebDriver.findElement(RemoteWebDriver.java:323)
at org.openqa.selenium.remote.RemoteWebDriver.findElementByXPath(RemoteWebDriver.java:428)
at org.openqa.selenium.By$ByXPath.findElement(By.java:353)
at org.openqa.selenium.remote.RemoteWebDriver.findElement(RemoteWebDriver.java:315)
at org.openqa.selenium.support.pagefactory.DefaultElementLocator.findElement(DefaultElementLocator.java:69)
at org.openqa.selenium.support.pagefactory.internal.LocatingElementHandler.invoke(LocatingElementHandler.java:38)
at com.sun.proxy.$Proxy15.sendKeys(Unknown Source)
at com.cognizant.businessFunctionality.CommonFunction.setElementValue(CommonFunction.java:35)
at com.cognizant.tests.testScenario1.TC12_VerifyHolidayHomesViaMoreTab.searchFor(TC12_VerifyHolidayHomesViaMoreTab.java:43)
at com.cognizant.tests.testScenario1.TC12_VerifyHolidayHomesViaMoreTab.fetchHolidayHomes(TC12_VerifyHolidayHomesViaMoreTab.java:89)
at sun.reflect.NativeMethodAccessorImpl.invoke0(Native Method)
at sun.reflect.NativeMethodAccessorImpl.invoke(NativeMethodAccessorImpl.java:62)
at sun.reflect.DelegatingMethodAccessorImpl.invoke(DelegatingMethodAccessorImpl.java:43)
at java.lang.reflect.Method.invoke(Method.java:498)
at org.testng.internal.MethodInvocationHelper.invokeMethod(MethodInvocationHelper.java:133)
at org.testng.internal.TestInvoker.invokeMethod(TestInvoker.java:584)
at org.testng.internal.TestInvoker.invokeTestMethod(TestInvoker.java:172)
at org.testng.internal.MethodRunner.runInSequence(MethodRunner.java:46)
at org.testng.internal.TestInvoker$MethodInvocationAgent.invoke(TestInvoker.java:804)
at org.testng.internal.TestInvoker.invokeTestMethods(TestInvoker.java:145)
at org.testng.internal.TestMethodWorker.invokeTestMethods(TestMethodWorker.java:146)
at org.testng.internal.TestMethodWorker.run(TestMethodWorker.java:128)
at java.util.ArrayList.forEach(ArrayList.java:1257)
at org.testng.TestRunner.privateRun(TestRunner.java:770)
at org.testng.TestRunner.run(TestRunner.java:591)
at org.testng.SuiteRunner.runTest(SuiteRunner.java:402)
at org.testng.SuiteRunner.runSequentially(SuiteRunner.java:396)
at org.testng.SuiteRunner.privateRun(SuiteRunner.java:355)
at org.testng.SuiteRunner.run(SuiteRunner.java:304)
at org.testng.SuiteRunnerWorker.runSuite(SuiteRunnerWorker.java:53)
at org.testng.SuiteRunnerWorker.run(SuiteRunnerWorker.java:96)
at org.testng.TestNG.runSuitesSequentially(TestNG.java:1180)
at org.testng.TestNG.runSuitesLocally(TestNG.java:1102)
at org.testng.TestNG.runSuites(TestNG.java:1032)
at org.testng.TestNG.run(TestNG.java:1000)
at org.testng.remote.AbstractRemoteTestNG.run(AbstractRemoteTestNG.java:115)
at org.testng.remote.RemoteTestNG.initAndRun(RemoteTestNG.java:251)
at org.testng.remote.RemoteTestNG.main(RemoteTestNG.java:77)
]]>
            </full-stacktrace>
          </exception> <!-- org.openqa.selenium.NoSuchElementException -->
          <reporter-output>
          </reporter-output>
        </test-method> <!-- fetchHolidayHomes -->
        <test-method status="PASS" signature="endApplication()[pri:0, instance:com.cognizant.tests.testScenario1.TC12_VerifyHolidayHomesViaMoreTab@1fc5fb8]" name="endApplication" is-config="true" duration-ms="0" started-at="2020-06-23T22:24:47 IST" finished-at="2020-06-23T22:24:47 IST">
          <reporter-output>
          </reporter-output>
        </test-method> <!-- endApplication -->
      </class> <!-- com.cognizant.tests.testScenario1.TC12_VerifyHolidayHomesViaMoreTab -->
      <class name="com.cognizant.tests.testScenario4.TC44_ClearFilters">
        <test-method status="PASS" signature="startApplication()[pri:0, instance:com.cognizant.tests.testScenario4.TC44_ClearFilters@153b3e6]" name="startApplication" is-config="true" duration-ms="8852" started-at="2020-06-23T22:42:52 IST" finished-at="2020-06-23T22:43:01 IST">
          <reporter-output>
          </reporter-output>
        </test-method> <!-- startApplication -->
        <test-method status="FAIL" signature="fetchHolidayHomes()[pri:0, instance:com.cognizant.tests.testScenario4.TC44_ClearFilters@153b3e6]" name="fetchHolidayHomes" duration-ms="74018" started-at="2020-06-23T22:43:01 IST" finished-at="2020-06-23T22:44:15 IST">
          <exception class="org.openqa.selenium.ElementClickInterceptedException">
            <message>
              <![CDATA[element click intercepted: Element <a class="vr-search-results-page-root-TierOneMessaging__clearAllText--3zuNy" href="#">...</a> is not clickable at point (678, 8). Other element would receive the click: <div class="ui_container vr-search-results-page-root-search-results-page-root__headerSectionContainer--xbiyl">...</div>
  (Session info: chrome=83.0.4103.106)
Build info: version: '3.141.59', revision: 'e82be7d358', time: '2018-11-14T08:17:03'
System info: host: 'NEW-PC', ip: '192.168.43.251', os.name: 'Windows 7', os.arch: 'x86', os.version: '6.1', java.version: '1.8.0_251'
Driver info: org.openqa.selenium.chrome.ChromeDriver
Capabilities {acceptInsecureCerts: false, browserName: chrome, browserVersion: 83.0.4103.106, chrome: {chromedriverVersion: 83.0.4103.39 (ccbf011cb2d2b..., userDataDir: C:\Users\New\AppData\Local\...}, goog:chromeOptions: {debuggerAddress: localhost:62634}, javascriptEnabled: true, networkConnectionEnabled: false, pageLoadStrategy: normal, platform: WINDOWS, platformName: WINDOWS, proxy: Proxy(), setWindowRect: true, strictFileInteractability: false, timeouts: {implicit: 0, pageLoad: 300000, script: 30000}, unhandledPromptBehavior: dismiss and notify, webauthn:virtualAuthenticators: true}
Session ID: cc21e9fb68e3ff896fd67e5c0a429b2a]]>
            </message>
            <full-stacktrace>
              <![CDATA[org.openqa.selenium.ElementClickInterceptedException: element click intercepted: Element <a class="vr-search-results-page-root-TierOneMessaging__clearAllText--3zuNy" href="#">...</a> is not clickable at point (678, 8). Other element would receive the click: <div class="ui_container vr-search-results-page-root-search-results-page-root__headerSectionContainer--xbiyl">...</div>
  (Session info: chrome=83.0.4103.106)
Build info: version: '3.141.59', revision: 'e82be7d358', time: '2018-11-14T08:17:03'
System info: host: 'NEW-PC', ip: '192.168.43.251', os.name: 'Windows 7', os.arch: 'x86', os.version: '6.1', java.version: '1.8.0_251'
Driver info: org.openqa.selenium.chrome.ChromeDriver
Capabilities {acceptInsecureCerts: false, browserName: chrome, browserVersion: 83.0.4103.106, chrome: {chromedriverVersion: 83.0.4103.39 (ccbf011cb2d2b..., userDataDir: C:\Users\New\AppData\Local\...}, goog:chromeOptions: {debuggerAddress: localhost:62634}, javascriptEnabled: true, networkConnectionEnabled: false, pageLoadStrategy: normal, platform: WINDOWS, platformName: WINDOWS, proxy: Proxy(), setWindowRect: true, strictFileInteractability: false, timeouts: {implicit: 0, pageLoad: 300000, script: 30000}, unhandledPromptBehavior: dismiss and notify, webauthn:virtualAuthenticators: true}
Session ID: cc21e9fb68e3ff896fd67e5c0a429b2a
at sun.reflect.NativeConstructorAccessorImpl.newInstance0(Native Method)
at sun.reflect.NativeConstructorAccessorImpl.newInstance(NativeConstructorAccessorImpl.java:62)
at sun.reflect.DelegatingConstructorAccessorImpl.newInstance(DelegatingConstructorAccessorImpl.java:45)
at java.lang.reflect.Constructor.newInstance(Constructor.java:423)
at org.openqa.selenium.remote.http.W3CHttpResponseCodec.createException(W3CHttpResponseCodec.java:187)
at org.openqa.selenium.remote.http.W3CHttpResponseCodec.decode(W3CHttpResponseCodec.java:122)
at org.openqa.selenium.remote.http.W3CHttpResponseCodec.decode(W3CHttpResponseCodec.java:49)
at org.openqa.selenium.remote.HttpCommandExecutor.execute(HttpCommandExecutor.java:158)
at org.openqa.selenium.remote.service.DriverCommandExecutor.execute(DriverCommandExecutor.java:83)
at org.openqa.selenium.remote.RemoteWebDriver.execute(RemoteWebDriver.java:552)
at org.openqa.selenium.remote.RemoteWebElement.execute(RemoteWebElement.java:285)
at org.openqa.selenium.remote.RemoteWebElement.click(RemoteWebElement.java:84)
at sun.reflect.GeneratedMethodAccessor4.invoke(Unknown Source)
at sun.reflect.DelegatingMethodAccessorImpl.invoke(DelegatingMethodAccessorImpl.java:43)
at java.lang.reflect.Method.invoke(Method.java:498)
at org.openqa.selenium.support.pagefactory.internal.LocatingElementHandler.invoke(LocatingElementHandler.java:51)
at com.sun.proxy.$Proxy15.click(Unknown Source)
at com.cognizant.businessFunctionality.CommonFunction.click(CommonFunction.java:50)
at com.cognizant.tests.testScenario4.TC44_ClearFilters.clearFilters(TC44_ClearFilters.java:71)
at com.cognizant.tests.testScenario4.TC44_ClearFilters.fetchHolidayHomes(TC44_ClearFilters.java:114)
at sun.reflect.NativeMethodAccessorImpl.invoke0(Native Method)
at sun.reflect.NativeMethodAccessorImpl.invoke(NativeMethodAccessorImpl.java:62)
at sun.reflect.DelegatingMethodAccessorImpl.invoke(DelegatingMethodAccessorImpl.java:43)
at java.lang.reflect.Method.invoke(Method.java:498)
at org.testng.internal.MethodInvocationHelper.invokeMethod(MethodInvocationHelper.java:133)
at org.testng.internal.TestInvoker.invokeMethod(TestInvoker.java:584)
at org.testng.internal.TestInvoker.invokeTestMethod(TestInvoker.java:172)
at org.testng.internal.MethodRunner.runInSequence(MethodRunner.java:46)
at org.testng.internal.TestInvoker$MethodInvocationAgent.invoke(TestInvoker.java:804)
at org.testng.internal.TestInvoker.invokeTestMethods(TestInvoker.java:145)
at org.testng.internal.TestMethodWorker.invokeTestMethods(TestMethodWorker.java:146)
at org.testng.internal.TestMethodWorker.run(TestMethodWorker.java:128)
at java.util.ArrayList.forEach(ArrayList.java:1257)
at org.testng.TestRunner.privateRun(TestRunner.java:770)
at org.testng.TestRunner.run(TestRunner.java:591)
at org.testng.SuiteRunner.runTest(SuiteRunner.java:402)
at org.testng.SuiteRunner.runSequentially(SuiteRunner.java:396)
at org.testng.SuiteRunner.privateRun(SuiteRunner.java:355)
at org.testng.SuiteRunner.run(SuiteRunner.java:304)
at org.testng.SuiteRunnerWorker.runSuite(SuiteRunnerWorker.java:53)
at org.testng.SuiteRunnerWorker.run(SuiteRunnerWorker.java:96)
at org.testng.TestNG.runSuitesSequentially(TestNG.java:1180)
at org.testng.TestNG.runSuitesLocally(TestNG.java:1102)
at org.testng.TestNG.runSuites(TestNG.java:1032)
at org.testng.TestNG.run(TestNG.java:1000)
at org.testng.remote.AbstractRemoteTestNG.run(AbstractRemoteTestNG.java:115)
at org.testng.remote.RemoteTestNG.initAndRun(RemoteTestNG.java:251)
at org.testng.remote.RemoteTestNG.main(RemoteTestNG.java:77)
]]>
            </full-stacktrace>
          </exception> <!-- org.openqa.selenium.ElementClickInterceptedException -->
          <reporter-output>
          </reporter-output>
        </test-method> <!-- fetchHolidayHomes -->
        <test-method status="PASS" signature="endApplication()[pri:0, instance:com.cognizant.tests.testScenario4.TC44_ClearFilters@153b3e6]" name="endApplication" is-config="true" duration-ms="1" started-at="2020-06-23T22:44:15 IST" finished-at="2020-06-23T22:44:15 IST">
          <reporter-output>
          </reporter-output>
        </test-method> <!-- endApplication -->
      </class> <!-- com.cognizant.tests.testScenario4.TC44_ClearFilters -->
      <class name="com.cognizant.tests.testScenario3.TC31_CheckGuestButton">
        <test-method status="PASS" signature="startApplication()[pri:0, instance:com.cognizant.tests.testScenario3.TC31_CheckGuestButton@7f6b8c]" name="startApplication" is-config="true" duration-ms="25541" started-at="2020-06-23T22:33:44 IST" finished-at="2020-06-23T22:34:10 IST">
          <reporter-output>
          </reporter-output>
        </test-method> <!-- startApplication -->
        <test-method status="PASS" signature="fetchHolidayHomes()[pri:0, instance:com.cognizant.tests.testScenario3.TC31_CheckGuestButton@7f6b8c]" name="fetchHolidayHomes" duration-ms="40642" started-at="2020-06-23T22:34:10 IST" finished-at="2020-06-23T22:34:50 IST">
          <reporter-output>
          </reporter-output>
        </test-method> <!-- fetchHolidayHomes -->
        <test-method status="PASS" signature="endApplication()[pri:0, instance:com.cognizant.tests.testScenario3.TC31_CheckGuestButton@7f6b8c]" name="endApplication" is-config="true" duration-ms="1" started-at="2020-06-23T22:34:50 IST" finished-at="2020-06-23T22:34:50 IST">
          <reporter-output>
          </reporter-output>
        </test-method> <!-- endApplication -->
      </class> <!-- com.cognizant.tests.testScenario3.TC31_CheckGuestButton -->
      <class name="com.cognizant.tests.testScenario6.TC62_CruiseDropdownChecking">
        <test-method status="PASS" signature="startApplication()[pri:0, instance:com.cognizant.tests.testScenario6.TC62_CruiseDropdownChecking@46bcd4]" name="startApplication" is-config="true" duration-ms="20661" started-at="2020-06-23T22:50:29 IST" finished-at="2020-06-23T22:50:49 IST">
          <reporter-output>
          </reporter-output>
        </test-method> <!-- startApplication -->
        <test-method status="PASS" signature="fetchCruises()[pri:0, instance:com.cognizant.tests.testScenario6.TC62_CruiseDropdownChecking@46bcd4]" name="fetchCruises" duration-ms="11814" started-at="2020-06-23T22:50:49 IST" finished-at="2020-06-23T22:51:01 IST">
          <reporter-output>
          </reporter-output>
        </test-method> <!-- fetchCruises -->
        <test-method status="PASS" signature="endApplication()[pri:0, instance:com.cognizant.tests.testScenario6.TC62_CruiseDropdownChecking@46bcd4]" name="endApplication" is-config="true" duration-ms="0" started-at="2020-06-23T22:51:01 IST" finished-at="2020-06-23T22:51:01 IST">
          <reporter-output>
          </reporter-output>
        </test-method> <!-- endApplication -->
      </class> <!-- com.cognizant.tests.testScenario6.TC62_CruiseDropdownChecking -->
      <class name="com.cognizant.tests.testScenario3.TC32_GuestCountVerification">
        <test-method status="PASS" signature="startApplication()[pri:0, instance:com.cognizant.tests.testScenario3.TC32_GuestCountVerification@187f14]" name="startApplication" is-config="true" duration-ms="6057" started-at="2020-06-23T22:34:50 IST" finished-at="2020-06-23T22:34:56 IST">
          <reporter-output>
          </reporter-output>
        </test-method> <!-- startApplication -->
        <test-method status="FAIL" signature="fetchHolidayHomes()[pri:0, instance:com.cognizant.tests.testScenario3.TC32_GuestCountVerification@187f14]" name="fetchHolidayHomes" duration-ms="134813" started-at="2020-06-23T22:34:56 IST" finished-at="2020-06-23T22:37:11 IST">
          <exception class="java.lang.IndexOutOfBoundsException">
            <message>
              <![CDATA[Index: 0, Size: 0]]>
            </message>
            <full-stacktrace>
              <![CDATA[java.lang.IndexOutOfBoundsException: Index: 0, Size: 0
at java.util.ArrayList.rangeCheck(ArrayList.java:657)
at java.util.ArrayList.get(ArrayList.java:433)
at sun.reflect.GeneratedMethodAccessor5.invoke(Unknown Source)
at sun.reflect.DelegatingMethodAccessorImpl.invoke(DelegatingMethodAccessorImpl.java:43)
at java.lang.reflect.Method.invoke(Method.java:498)
at org.openqa.selenium.support.pagefactory.internal.LocatingElementListHandler.invoke(LocatingElementListHandler.java:39)
at com.sun.proxy.$Proxy16.get(Unknown Source)
at com.cognizant.businessFunctionality.CommonFunction.checkingGuest(CommonFunction.java:130)
at com.cognizant.tests.testScenario3.TC32_GuestCountVerification.checkGuestCount(TC32_GuestCountVerification.java:74)
at com.cognizant.tests.testScenario3.TC32_GuestCountVerification.fetchHolidayHomes(TC32_GuestCountVerification.java:107)
at sun.reflect.NativeMethodAccessorImpl.invoke0(Native Method)
at sun.reflect.NativeMethodAccessorImpl.invoke(NativeMethodAccessorImpl.java:62)
at sun.reflect.DelegatingMethodAccessorImpl.invoke(DelegatingMethodAccessorImpl.java:43)
at java.lang.reflect.Method.invoke(Method.java:498)
at org.testng.internal.MethodInvocationHelper.invokeMethod(MethodInvocationHelper.java:133)
at org.testng.internal.TestInvoker.invokeMethod(TestInvoker.java:584)
at org.testng.internal.TestInvoker.invokeTestMethod(TestInvoker.java:172)
at org.testng.internal.MethodRunner.runInSequence(MethodRunner.java:46)
at org.testng.internal.TestInvoker$MethodInvocationAgent.invoke(TestInvoker.java:804)
at org.testng.internal.TestInvoker.invokeTestMethods(TestInvoker.java:145)
at org.testng.internal.TestMethodWorker.invokeTestMethods(TestMethodWorker.java:146)
at org.testng.internal.TestMethodWorker.run(TestMethodWorker.java:128)
at java.util.ArrayList.forEach(ArrayList.java:1257)
at org.testng.TestRunner.privateRun(TestRunner.java:770)
at org.testng.TestRunner.run(TestRunner.java:591)
at org.testng.SuiteRunner.runTest(SuiteRunner.java:402)
at org.testng.SuiteRunner.runSequentially(SuiteRunner.java:396)
at org.testng.SuiteRunner.privateRun(SuiteRunner.java:355)
at org.testng.SuiteRunner.run(SuiteRunner.java:304)
at org.testng.SuiteRunnerWorker.runSuite(SuiteRunnerWorker.java:53)
at org.testng.SuiteRunnerWorker.run(SuiteRunnerWorker.java:96)
at org.testng.TestNG.runSuitesSequentially(TestNG.java:1180)
at org.testng.TestNG.runSuitesLocally(TestNG.java:1102)
at org.testng.TestNG.runSuites(TestNG.java:1032)
at org.testng.TestNG.run(TestNG.java:1000)
at org.testng.remote.AbstractRemoteTestNG.run(AbstractRemoteTestNG.java:115)
at org.testng.remote.RemoteTestNG.initAndRun(RemoteTestNG.java:251)
at org.testng.remote.RemoteTestNG.main(RemoteTestNG.java:77)
]]>
            </full-stacktrace>
          </exception> <!-- java.lang.IndexOutOfBoundsException -->
          <reporter-output>
          </reporter-output>
        </test-method> <!-- fetchHolidayHomes -->
        <test-method status="PASS" signature="endApplication()[pri:0, instance:com.cognizant.tests.testScenario3.TC32_GuestCountVerification@187f14]" name="endApplication" is-config="true" duration-ms="0" started-at="2020-06-23T22:37:11 IST" finished-at="2020-06-23T22:37:11 IST">
          <reporter-output>
          </reporter-output>
        </test-method> <!-- endApplication -->
      </class> <!-- com.cognizant.tests.testScenario3.TC32_GuestCountVerification -->
      <class name="com.cognizant.tests.testScenario4.TC41_SortByFilter">
        <test-method status="PASS" signature="startApplication()[pri:0, instance:com.cognizant.tests.testScenario4.TC41_SortByFilter@1195bc3]" name="startApplication" is-config="true" duration-ms="16566" started-at="2020-06-23T22:37:11 IST" finished-at="2020-06-23T22:37:28 IST">
          <reporter-output>
          </reporter-output>
        </test-method> <!-- startApplication -->
        <test-method status="FAIL" signature="fetchHolidayHomes()[pri:0, instance:com.cognizant.tests.testScenario4.TC41_SortByFilter@1195bc3]" name="fetchHolidayHomes" duration-ms="13986" started-at="2020-06-23T22:37:28 IST" finished-at="2020-06-23T22:37:42 IST">
          <exception class="org.openqa.selenium.InvalidElementStateException">
            <message>
              <![CDATA[invalid element state
  (Session info: chrome=83.0.4103.106)
Build info: version: '3.141.59', revision: 'e82be7d358', time: '2018-11-14T08:17:03'
System info: host: 'NEW-PC', ip: '192.168.43.251', os.name: 'Windows 7', os.arch: 'x86', os.version: '6.1', java.version: '1.8.0_251'
Driver info: org.openqa.selenium.chrome.ChromeDriver
Capabilities {acceptInsecureCerts: false, browserName: chrome, browserVersion: 83.0.4103.106, chrome: {chromedriverVersion: 83.0.4103.39 (ccbf011cb2d2b..., userDataDir: C:\Users\New\AppData\Local\...}, goog:chromeOptions: {debuggerAddress: localhost:62634}, javascriptEnabled: true, networkConnectionEnabled: false, pageLoadStrategy: normal, platform: WINDOWS, platformName: WINDOWS, proxy: Proxy(), setWindowRect: true, strictFileInteractability: false, timeouts: {implicit: 0, pageLoad: 300000, script: 30000}, unhandledPromptBehavior: dismiss and notify, webauthn:virtualAuthenticators: true}
Session ID: cc21e9fb68e3ff896fd67e5c0a429b2a]]>
            </message>
            <full-stacktrace>
              <![CDATA[org.openqa.selenium.InvalidElementStateException: invalid element state
  (Session info: chrome=83.0.4103.106)
Build info: version: '3.141.59', revision: 'e82be7d358', time: '2018-11-14T08:17:03'
System info: host: 'NEW-PC', ip: '192.168.43.251', os.name: 'Windows 7', os.arch: 'x86', os.version: '6.1', java.version: '1.8.0_251'
Driver info: org.openqa.selenium.chrome.ChromeDriver
Capabilities {acceptInsecureCerts: false, browserName: chrome, browserVersion: 83.0.4103.106, chrome: {chromedriverVersion: 83.0.4103.39 (ccbf011cb2d2b..., userDataDir: C:\Users\New\AppData\Local\...}, goog:chromeOptions: {debuggerAddress: localhost:62634}, javascriptEnabled: true, networkConnectionEnabled: false, pageLoadStrategy: normal, platform: WINDOWS, platformName: WINDOWS, proxy: Proxy(), setWindowRect: true, strictFileInteractability: false, timeouts: {implicit: 0, pageLoad: 300000, script: 30000}, unhandledPromptBehavior: dismiss and notify, webauthn:virtualAuthenticators: true}
Session ID: cc21e9fb68e3ff896fd67e5c0a429b2a
at sun.reflect.NativeConstructorAccessorImpl.newInstance0(Native Method)
at sun.reflect.NativeConstructorAccessorImpl.newInstance(NativeConstructorAccessorImpl.java:62)
at sun.reflect.DelegatingConstructorAccessorImpl.newInstance(DelegatingConstructorAccessorImpl.java:45)
at java.lang.reflect.Constructor.newInstance(Constructor.java:423)
at org.openqa.selenium.remote.http.W3CHttpResponseCodec.createException(W3CHttpResponseCodec.java:187)
at org.openqa.selenium.remote.http.W3CHttpResponseCodec.decode(W3CHttpResponseCodec.java:122)
at org.openqa.selenium.remote.http.W3CHttpResponseCodec.decode(W3CHttpResponseCodec.java:49)
at org.openqa.selenium.remote.HttpCommandExecutor.execute(HttpCommandExecutor.java:158)
at org.openqa.selenium.remote.service.DriverCommandExecutor.execute(DriverCommandExecutor.java:83)
at org.openqa.selenium.remote.RemoteWebDriver.execute(RemoteWebDriver.java:552)
at org.openqa.selenium.remote.RemoteWebElement.execute(RemoteWebElement.java:285)
at org.openqa.selenium.remote.RemoteWebElement.clear(RemoteWebElement.java:124)
at sun.reflect.NativeMethodAccessorImpl.invoke0(Native Method)
at sun.reflect.NativeMethodAccessorImpl.invoke(NativeMethodAccessorImpl.java:62)
at sun.reflect.DelegatingMethodAccessorImpl.invoke(DelegatingMethodAccessorImpl.java:43)
at java.lang.reflect.Method.invoke(Method.java:498)
at org.openqa.selenium.support.pagefactory.internal.LocatingElementHandler.invoke(LocatingElementHandler.java:51)
at com.sun.proxy.$Proxy15.clear(Unknown Source)
at com.cognizant.tests.testScenario4.TC41_SortByFilter.provideDetails(TC41_SortByFilter.java:43)
at com.cognizant.tests.testScenario4.TC41_SortByFilter.fetchHolidayHomes(TC41_SortByFilter.java:77)
at sun.reflect.NativeMethodAccessorImpl.invoke0(Native Method)
at sun.reflect.NativeMethodAccessorImpl.invoke(NativeMethodAccessorImpl.java:62)
at sun.reflect.DelegatingMethodAccessorImpl.invoke(DelegatingMethodAccessorImpl.java:43)
at java.lang.reflect.Method.invoke(Method.java:498)
at org.testng.internal.MethodInvocationHelper.invokeMethod(MethodInvocationHelper.java:133)
at org.testng.internal.TestInvoker.invokeMethod(TestInvoker.java:584)
at org.testng.internal.TestInvoker.invokeTestMethod(TestInvoker.java:172)
at org.testng.internal.MethodRunner.runInSequence(MethodRunner.java:46)
at org.testng.internal.TestInvoker$MethodInvocationAgent.invoke(TestInvoker.java:804)
at org.testng.internal.TestInvoker.invokeTestMethods(TestInvoker.java:145)
at org.testng.internal.TestMethodWorker.invokeTestMethods(TestMethodWorker.java:146)
at org.testng.internal.TestMethodWorker.run(TestMethodWorker.java:128)
at java.util.ArrayList.forEach(ArrayList.java:1257)
at org.testng.TestRunner.privateRun(TestRunner.java:770)
at org.testng.TestRunner.run(TestRunner.java:591)
at org.testng.SuiteRunner.runTest(SuiteRunner.java:402)
at org.testng.SuiteRunner.runSequentially(SuiteRunner.java:396)
at org.testng.SuiteRunner.privateRun(SuiteRunner.java:355)
at org.testng.SuiteRunner.run(SuiteRunner.java:304)
at org.testng.SuiteRunnerWorker.runSuite(SuiteRunnerWorker.java:53)
at org.testng.SuiteRunnerWorker.run(SuiteRunnerWorker.java:96)
at org.testng.TestNG.runSuitesSequentially(TestNG.java:1180)
at org.testng.TestNG.runSuitesLocally(TestNG.java:1102)
at org.testng.TestNG.runSuites(TestNG.java:1032)
at org.testng.TestNG.run(TestNG.java:1000)
at org.testng.remote.AbstractRemoteTestNG.run(AbstractRemoteTestNG.java:115)
at org.testng.remote.RemoteTestNG.initAndRun(RemoteTestNG.java:251)
at org.testng.remote.RemoteTestNG.main(RemoteTestNG.java:77)
]]>
            </full-stacktrace>
          </exception> <!-- org.openqa.selenium.InvalidElementStateException -->
          <reporter-output>
          </reporter-output>
        </test-method> <!-- fetchHolidayHomes -->
        <test-method status="PASS" signature="endApplication()[pri:0, instance:com.cognizant.tests.testScenario4.TC41_SortByFilter@1195bc3]" name="endApplication" is-config="true" duration-ms="1" started-at="2020-06-23T22:37:42 IST" finished-at="2020-06-23T22:37:42 IST">
          <reporter-output>
          </reporter-output>
        </test-method> <!-- endApplication -->
      </class> <!-- com.cognizant.tests.testScenario4.TC41_SortByFilter -->
      <class name="com.cognizant.tests.testScenario1.TC13_SearchBarHolidayHomes">
        <test-method status="PASS" signature="startApplication()[pri:0, instance:com.cognizant.tests.testScenario1.TC13_SearchBarHolidayHomes@7aecef]" name="startApplication" is-config="true" duration-ms="31389" started-at="2020-06-23T22:24:47 IST" finished-at="2020-06-23T22:25:18 IST">
          <reporter-output>
          </reporter-output>
        </test-method> <!-- startApplication -->
        <test-method status="PASS" signature="fetchHolidayHomes()[pri:0, instance:com.cognizant.tests.testScenario1.TC13_SearchBarHolidayHomes@7aecef]" name="fetchHolidayHomes" duration-ms="18991" started-at="2020-06-23T22:25:18 IST" finished-at="2020-06-23T22:25:37 IST">
          <reporter-output>
          </reporter-output>
        </test-method> <!-- fetchHolidayHomes -->
        <test-method status="PASS" signature="endApplication()[pri:0, instance:com.cognizant.tests.testScenario1.TC13_SearchBarHolidayHomes@7aecef]" name="endApplication" is-config="true" duration-ms="0" started-at="2020-06-23T22:25:37 IST" finished-at="2020-06-23T22:25:37 IST">
          <reporter-output>
          </reporter-output>
        </test-method> <!-- endApplication -->
      </class> <!-- com.cognizant.tests.testScenario1.TC13_SearchBarHolidayHomes -->
      <class name="com.cognizant.tests.testScenario2.TC22_FetchHolidayHomesWithoutDates">
        <test-method status="PASS" signature="startApplication()[pri:0, instance:com.cognizant.tests.testScenario2.TC22_FetchHolidayHomesWithoutDates@173f6d9]" name="startApplication" is-config="true" duration-ms="21536" started-at="2020-06-23T22:31:46 IST" finished-at="2020-06-23T22:32:07 IST">
          <reporter-output>
          </reporter-output>
        </test-method> <!-- startApplication -->
        <test-method status="PASS" signature="fetchHolidayHomes()[pri:0, instance:com.cognizant.tests.testScenario2.TC22_FetchHolidayHomesWithoutDates@173f6d9]" name="fetchHolidayHomes" duration-ms="96807" started-at="2020-06-23T22:32:07 IST" finished-at="2020-06-23T22:33:44 IST">
          <reporter-output>
          </reporter-output>
        </test-method> <!-- fetchHolidayHomes -->
        <test-method status="PASS" signature="endApplication()[pri:0, instance:com.cognizant.tests.testScenario2.TC22_FetchHolidayHomesWithoutDates@173f6d9]" name="endApplication" is-config="true" duration-ms="0" started-at="2020-06-23T22:33:44 IST" finished-at="2020-06-23T22:33:44 IST">
          <reporter-output>
          </reporter-output>
        </test-method> <!-- endApplication -->
      </class> <!-- com.cognizant.tests.testScenario2.TC22_FetchHolidayHomesWithoutDates -->
      <class name="com.cognizant.tests.testScenario1.TC14_VerifyWithDifferentLocationName">
        <test-method status="PASS" signature="startApplication()[pri:0, instance:com.cognizant.tests.testScenario1.TC14_VerifyWithDifferentLocationName@150efb8]" name="startApplication" is-config="true" duration-ms="38847" started-at="2020-06-23T22:25:37 IST" finished-at="2020-06-23T22:26:16 IST">
          <reporter-output>
          </reporter-output>
        </test-method> <!-- startApplication -->
        <test-method status="PASS" signature="reloadWebpage()[pri:0, instance:com.cognizant.tests.testScenario1.TC14_VerifyWithDifferentLocationName@150efb8]" name="reloadWebpage" is-config="true" duration-ms="2116" started-at="2020-06-23T22:26:16 IST" finished-at="2020-06-23T22:26:18 IST">
          <reporter-output>
          </reporter-output>
        </test-method> <!-- reloadWebpage -->
        <test-method status="PASS" signature="fetchHolidayHomes(java.lang.String)[pri:0, instance:com.cognizant.tests.testScenario1.TC14_VerifyWithDifferentLocationName@150efb8]" name="fetchHolidayHomes" duration-ms="42112" started-at="2020-06-23T22:26:18 IST" data-provider="LocationName data" finished-at="2020-06-23T22:27:00 IST">
          <params>
            <param index="0">
              <value>
                <![CDATA[Nairobi]]>
              </value>
            </param>
          </params>
          <reporter-output>
          </reporter-output>
        </test-method> <!-- fetchHolidayHomes -->
        <test-method status="PASS" signature="reloadWebpage()[pri:0, instance:com.cognizant.tests.testScenario1.TC14_VerifyWithDifferentLocationName@150efb8]" name="reloadWebpage" is-config="true" duration-ms="1526" started-at="2020-06-23T22:27:00 IST" finished-at="2020-06-23T22:27:02 IST">
          <reporter-output>
          </reporter-output>
        </test-method> <!-- reloadWebpage -->
        <test-method status="PASS" signature="fetchHolidayHomes(java.lang.String)[pri:0, instance:com.cognizant.tests.testScenario1.TC14_VerifyWithDifferentLocationName@150efb8]" name="fetchHolidayHomes" duration-ms="47533" started-at="2020-06-23T22:27:02 IST" data-provider="LocationName data" finished-at="2020-06-23T22:27:49 IST">
          <params>
            <param index="0">
              <value>
                <![CDATA[Chennai]]>
              </value>
            </param>
          </params>
          <reporter-output>
          </reporter-output>
        </test-method> <!-- fetchHolidayHomes -->
        <test-method status="PASS" signature="reloadWebpage()[pri:0, instance:com.cognizant.tests.testScenario1.TC14_VerifyWithDifferentLocationName@150efb8]" name="reloadWebpage" is-config="true" duration-ms="678" started-at="2020-06-23T22:27:49 IST" finished-at="2020-06-23T22:27:50 IST">
          <reporter-output>
          </reporter-output>
        </test-method> <!-- reloadWebpage -->
        <test-method status="FAIL" signature="fetchHolidayHomes(java.lang.String)[pri:0, instance:com.cognizant.tests.testScenario1.TC14_VerifyWithDifferentLocationName@150efb8]" name="fetchHolidayHomes" duration-ms="109967" started-at="2020-06-23T22:27:50 IST" data-provider="LocationName data" finished-at="2020-06-23T22:29:40 IST">
          <params>
            <param index="0">
              <value>
                <![CDATA[chn]]>
              </value>
            </param>
          </params>
          <exception class="org.openqa.selenium.TimeoutException">
            <message>
              <![CDATA[Expected condition failed: waiting for visibility of Proxy element for: DefaultElementLocator 'By.xpath: //div[@id='HEADING']/h1[@class='page_h1_line1']' (tried for 30 second(s) with 500 milliseconds interval)]]>
            </message>
            <full-stacktrace>
              <![CDATA[org.openqa.selenium.TimeoutException: Expected condition failed: waiting for visibility of Proxy element for: DefaultElementLocator 'By.xpath: //div[@id='HEADING']/h1[@class='page_h1_line1']' (tried for 30 second(s) with 500 milliseconds interval)
at org.openqa.selenium.support.ui.WebDriverWait.timeoutException(WebDriverWait.java:95)
at org.openqa.selenium.support.ui.FluentWait.until(FluentWait.java:272)
at com.cognizant.businessFunctionality.CommonFunction.getElementValue(CommonFunction.java:42)
at com.cognizant.tests.testScenario1.TC14_VerifyWithDifferentLocationName.provideDetails(TC14_VerifyWithDifferentLocationName.java:58)
at com.cognizant.tests.testScenario1.TC14_VerifyWithDifferentLocationName.fetchHolidayHomes(TC14_VerifyWithDifferentLocationName.java:111)
at sun.reflect.NativeMethodAccessorImpl.invoke0(Native Method)
at sun.reflect.NativeMethodAccessorImpl.invoke(NativeMethodAccessorImpl.java:62)
at sun.reflect.DelegatingMethodAccessorImpl.invoke(DelegatingMethodAccessorImpl.java:43)
at java.lang.reflect.Method.invoke(Method.java:498)
at org.testng.internal.MethodInvocationHelper.invokeMethod(MethodInvocationHelper.java:133)
at org.testng.internal.TestInvoker.invokeMethod(TestInvoker.java:584)
at org.testng.internal.TestInvoker.invokeTestMethod(TestInvoker.java:172)
at org.testng.internal.MethodRunner.runInSequence(MethodRunner.java:46)
at org.testng.internal.TestInvoker$MethodInvocationAgent.invoke(TestInvoker.java:804)
at org.testng.internal.TestInvoker.invokeTestMethods(TestInvoker.java:145)
at org.testng.internal.TestMethodWorker.invokeTestMethods(TestMethodWorker.java:146)
at org.testng.internal.TestMethodWorker.run(TestMethodWorker.java:128)
at java.util.ArrayList.forEach(ArrayList.java:1257)
at org.testng.TestRunner.privateRun(TestRunner.java:770)
at org.testng.TestRunner.run(TestRunner.java:591)
at org.testng.SuiteRunner.runTest(SuiteRunner.java:402)
at org.testng.SuiteRunner.runSequentially(SuiteRunner.java:396)
at org.testng.SuiteRunner.privateRun(SuiteRunner.java:355)
at org.testng.SuiteRunner.run(SuiteRunner.java:304)
at org.testng.SuiteRunnerWorker.runSuite(SuiteRunnerWorker.java:53)
at org.testng.SuiteRunnerWorker.run(SuiteRunnerWorker.java:96)
at org.testng.TestNG.runSuitesSequentially(TestNG.java:1180)
at org.testng.TestNG.runSuitesLocally(TestNG.java:1102)
at org.testng.TestNG.runSuites(TestNG.java:1032)
at org.testng.TestNG.run(TestNG.java:1000)
at org.testng.remote.AbstractRemoteTestNG.run(AbstractRemoteTestNG.java:115)
at org.testng.remote.RemoteTestNG.initAndRun(RemoteTestNG.java:251)
at org.testng.remote.RemoteTestNG.main(RemoteTestNG.java:77)
Caused by: org.openqa.selenium.NoSuchElementException: no such element: Unable to locate element: {"method":"xpath","selector":"//div[@id='HEADING']/h1[@class='page_h1_line1']"}
  (Session info: chrome=83.0.4103.106)
For documentation on this error, please visit: https://www.seleniumhq.org/exceptions/no_such_element.html
Build info: version: '3.141.59', revision: 'e82be7d358', time: '2018-11-14T08:17:03'
System info: host: 'NEW-PC', ip: '192.168.43.251', os.name: 'Windows 7', os.arch: 'x86', os.version: '6.1', java.version: '1.8.0_251'
Driver info: org.openqa.selenium.chrome.ChromeDriver
Capabilities {acceptInsecureCerts: false, browserName: chrome, browserVersion: 83.0.4103.106, chrome: {chromedriverVersion: 83.0.4103.39 (ccbf011cb2d2b..., userDataDir: C:\Users\New\AppData\Local\...}, goog:chromeOptions: {debuggerAddress: localhost:62634}, javascriptEnabled: true, networkConnectionEnabled: false, pageLoadStrategy: normal, platform: WINDOWS, platformName: WINDOWS, proxy: Proxy(), setWindowRect: true, strictFileInteractability: false, timeouts: {implicit: 0, pageLoad: 300000, script: 30000}, unhandledPromptBehavior: dismiss and notify, webauthn:virtualAuthenticators: true}
Session ID: cc21e9fb68e3ff896fd67e5c0a429b2a
*** Element info: {Using=xpath, value=//div[@id='HEADING']/h1[@class='page_h1_line1']}
at sun.reflect.NativeConstructorAccessorImpl.newInstance0(Native Method)
at sun.reflect.NativeConstructorAccessorImpl.newInstance(NativeConstructorAccessorImpl.java:62)
at sun.reflect.DelegatingConstructorAccessorImpl.newInstance(DelegatingConstructorAccessorImpl.java:45)
at java.lang.reflect.Constructor.newInstance(Constructor.java:423)
at org.openqa.selenium.remote.http.W3CHttpResponseCodec.createException(W3CHttpResponseCodec.java:187)
at org.openqa.selenium.remote.http.W3CHttpResponseCodec.decode(W3CHttpResponseCodec.java:122)
at org.openqa.selenium.remote.http.W3CHttpResponseCodec.decode(W3CHttpResponseCodec.java:49)
at org.openqa.selenium.remote.HttpCommandExecutor.execute(HttpCommandExecutor.java:158)
at org.openqa.selenium.remote.service.DriverCommandExecutor.execute(DriverCommandExecutor.java:83)
at org.openqa.selenium.remote.RemoteWebDriver.execute(RemoteWebDriver.java:552)
at org.openqa.selenium.remote.RemoteWebDriver.findElement(RemoteWebDriver.java:323)
at org.openqa.selenium.remote.RemoteWebDriver.findElementByXPath(RemoteWebDriver.java:428)
at org.openqa.selenium.By$ByXPath.findElement(By.java:353)
at org.openqa.selenium.remote.RemoteWebDriver.findElement(RemoteWebDriver.java:315)
at org.openqa.selenium.support.pagefactory.DefaultElementLocator.findElement(DefaultElementLocator.java:69)
at org.openqa.selenium.support.pagefactory.internal.LocatingElementHandler.invoke(LocatingElementHandler.java:38)
at com.sun.proxy.$Proxy15.isDisplayed(Unknown Source)
at org.openqa.selenium.support.ui.ExpectedConditions.elementIfVisible(ExpectedConditions.java:314)
at org.openqa.selenium.support.ui.ExpectedConditions.access$000(ExpectedConditions.java:43)
at org.openqa.selenium.support.ui.ExpectedConditions$10.apply(ExpectedConditions.java:300)
at org.openqa.selenium.support.ui.ExpectedConditions$10.apply(ExpectedConditions.java:297)
at org.openqa.selenium.support.ui.FluentWait.until(FluentWait.java:249)
... 31 more
]]>
            </full-stacktrace>
          </exception> <!-- org.openqa.selenium.TimeoutException -->
          <reporter-output>
          </reporter-output>
        </test-method> <!-- fetchHolidayHomes -->
        <test-method status="PASS" signature="endApplication()[pri:0, instance:com.cognizant.tests.testScenario1.TC14_VerifyWithDifferentLocationName@150efb8]" name="endApplication" is-config="true" duration-ms="1" started-at="2020-06-23T22:29:40 IST" finished-at="2020-06-23T22:29:40 IST">
          <reporter-output>
          </reporter-output>
        </test-method> <!-- endApplication -->
      </class> <!-- com.cognizant.tests.testScenario1.TC14_VerifyWithDifferentLocationName -->
      <class name="com.cognizant.tests.testScenario6.TC61_CruiseButtonChecking">
        <test-method status="PASS" signature="startApplication()[pri:0, instance:com.cognizant.tests.testScenario6.TC61_CruiseButtonChecking@f93a98]" name="startApplication" is-config="true" duration-ms="36483" started-at="2020-06-23T22:49:38 IST" finished-at="2020-06-23T22:50:15 IST">
          <reporter-output>
          </reporter-output>
        </test-method> <!-- startApplication -->
        <test-method status="PASS" signature="fetchCruises()[pri:0, instance:com.cognizant.tests.testScenario6.TC61_CruiseButtonChecking@f93a98]" name="fetchCruises" duration-ms="13948" started-at="2020-06-23T22:50:15 IST" finished-at="2020-06-23T22:50:29 IST">
          <reporter-output>
          </reporter-output>
        </test-method> <!-- fetchCruises -->
        <test-method status="PASS" signature="endApplication()[pri:0, instance:com.cognizant.tests.testScenario6.TC61_CruiseButtonChecking@f93a98]" name="endApplication" is-config="true" duration-ms="1" started-at="2020-06-23T22:50:29 IST" finished-at="2020-06-23T22:50:29 IST">
          <reporter-output>
          </reporter-output>
        </test-method> <!-- endApplication -->
      </class> <!-- com.cognizant.tests.testScenario6.TC61_CruiseButtonChecking -->
      <class name="com.cognizant.tests.testScenario4.TC42_AmenitiesBasedFilter">
        <test-method status="PASS" signature="startApplication()[pri:0, instance:com.cognizant.tests.testScenario4.TC42_AmenitiesBasedFilter@1e2adc7]" name="startApplication" is-config="true" duration-ms="9415" started-at="2020-06-23T22:37:42 IST" finished-at="2020-06-23T22:37:51 IST">
          <reporter-output>
          </reporter-output>
        </test-method> <!-- startApplication -->
        <test-method status="FAIL" signature="fetchHolidayHomes()[pri:0, instance:com.cognizant.tests.testScenario4.TC42_AmenitiesBasedFilter@1e2adc7]" name="fetchHolidayHomes" duration-ms="158976" started-at="2020-06-23T22:37:51 IST" finished-at="2020-06-23T22:40:30 IST">
          <exception class="org.openqa.selenium.NoSuchElementException">
            <message>
              <![CDATA[no such element: Unable to locate element: {"method":"xpath","selector":"//li[@class='yJ4mfBYR'][1]"}
  (Session info: chrome=83.0.4103.106)
For documentation on this error, please visit: https://www.seleniumhq.org/exceptions/no_such_element.html
Build info: version: '3.141.59', revision: 'e82be7d358', time: '2018-11-14T08:17:03'
System info: host: 'NEW-PC', ip: '192.168.43.251', os.name: 'Windows 7', os.arch: 'x86', os.version: '6.1', java.version: '1.8.0_251'
Driver info: org.openqa.selenium.chrome.ChromeDriver
Capabilities {acceptInsecureCerts: false, browserName: chrome, browserVersion: 83.0.4103.106, chrome: {chromedriverVersion: 83.0.4103.39 (ccbf011cb2d2b..., userDataDir: C:\Users\New\AppData\Local\...}, goog:chromeOptions: {debuggerAddress: localhost:62634}, javascriptEnabled: true, networkConnectionEnabled: false, pageLoadStrategy: normal, platform: WINDOWS, platformName: WINDOWS, proxy: Proxy(), setWindowRect: true, strictFileInteractability: false, timeouts: {implicit: 0, pageLoad: 300000, script: 30000}, unhandledPromptBehavior: dismiss and notify, webauthn:virtualAuthenticators: true}
Session ID: cc21e9fb68e3ff896fd67e5c0a429b2a
*** Element info: {Using=xpath, value=//li[@class='yJ4mfBYR'][1]}]]>
            </message>
            <full-stacktrace>
              <![CDATA[org.openqa.selenium.NoSuchElementException: no such element: Unable to locate element: {"method":"xpath","selector":"//li[@class='yJ4mfBYR'][1]"}
  (Session info: chrome=83.0.4103.106)
For documentation on this error, please visit: https://www.seleniumhq.org/exceptions/no_such_element.html
Build info: version: '3.141.59', revision: 'e82be7d358', time: '2018-11-14T08:17:03'
System info: host: 'NEW-PC', ip: '192.168.43.251', os.name: 'Windows 7', os.arch: 'x86', os.version: '6.1', java.version: '1.8.0_251'
Driver info: org.openqa.selenium.chrome.ChromeDriver
Capabilities {acceptInsecureCerts: false, browserName: chrome, browserVersion: 83.0.4103.106, chrome: {chromedriverVersion: 83.0.4103.39 (ccbf011cb2d2b..., userDataDir: C:\Users\New\AppData\Local\...}, goog:chromeOptions: {debuggerAddress: localhost:62634}, javascriptEnabled: true, networkConnectionEnabled: false, pageLoadStrategy: normal, platform: WINDOWS, platformName: WINDOWS, proxy: Proxy(), setWindowRect: true, strictFileInteractability: false, timeouts: {implicit: 0, pageLoad: 300000, script: 30000}, unhandledPromptBehavior: dismiss and notify, webauthn:virtualAuthenticators: true}
Session ID: cc21e9fb68e3ff896fd67e5c0a429b2a
*** Element info: {Using=xpath, value=//li[@class='yJ4mfBYR'][1]}
at sun.reflect.NativeConstructorAccessorImpl.newInstance0(Native Method)
at sun.reflect.NativeConstructorAccessorImpl.newInstance(NativeConstructorAccessorImpl.java:62)
at sun.reflect.DelegatingConstructorAccessorImpl.newInstance(DelegatingConstructorAccessorImpl.java:45)
at java.lang.reflect.Constructor.newInstance(Constructor.java:423)
at org.openqa.selenium.remote.http.W3CHttpResponseCodec.createException(W3CHttpResponseCodec.java:187)
at org.openqa.selenium.remote.http.W3CHttpResponseCodec.decode(W3CHttpResponseCodec.java:122)
at org.openqa.selenium.remote.http.W3CHttpResponseCodec.decode(W3CHttpResponseCodec.java:49)
at org.openqa.selenium.remote.HttpCommandExecutor.execute(HttpCommandExecutor.java:158)
at org.openqa.selenium.remote.service.DriverCommandExecutor.execute(DriverCommandExecutor.java:83)
at org.openqa.selenium.remote.RemoteWebDriver.execute(RemoteWebDriver.java:552)
at org.openqa.selenium.remote.RemoteWebDriver.findElement(RemoteWebDriver.java:323)
at org.openqa.selenium.remote.RemoteWebDriver.findElementByXPath(RemoteWebDriver.java:428)
at org.openqa.selenium.By$ByXPath.findElement(By.java:353)
at org.openqa.selenium.remote.RemoteWebDriver.findElement(RemoteWebDriver.java:315)
at org.openqa.selenium.support.pagefactory.DefaultElementLocator.findElement(DefaultElementLocator.java:69)
at org.openqa.selenium.support.pagefactory.internal.LocatingElementHandler.invoke(LocatingElementHandler.java:38)
at com.sun.proxy.$Proxy15.getWrappedElement(Unknown Source)
at org.openqa.selenium.remote.internal.WebElementToJsonConverter.apply(WebElementToJsonConverter.java:50)
at java.util.stream.ReferencePipeline$3$1.accept(ReferencePipeline.java:193)
at java.util.Spliterators$ArraySpliterator.forEachRemaining(Spliterators.java:948)
at java.util.stream.AbstractPipeline.copyInto(AbstractPipeline.java:482)
at java.util.stream.AbstractPipeline.wrapAndCopyInto(AbstractPipeline.java:472)
at java.util.stream.ReduceOps$ReduceOp.evaluateSequential(ReduceOps.java:708)
at java.util.stream.AbstractPipeline.evaluate(AbstractPipeline.java:234)
at java.util.stream.ReferencePipeline.collect(ReferencePipeline.java:499)
at org.openqa.selenium.remote.RemoteWebDriver.executeScript(RemoteWebDriver.java:484)
at com.cognizant.businessFunctionality.CommonFunction.getChosenFilters(CommonFunction.java:88)
at com.cognizant.tests.testScenario4.TC42_AmenitiesBasedFilter.choosingAmenities(TC42_AmenitiesBasedFilter.java:87)
at com.cognizant.tests.testScenario4.TC42_AmenitiesBasedFilter.fetchHolidayHomes(TC42_AmenitiesBasedFilter.java:136)
at sun.reflect.NativeMethodAccessorImpl.invoke0(Native Method)
at sun.reflect.NativeMethodAccessorImpl.invoke(NativeMethodAccessorImpl.java:62)
at sun.reflect.DelegatingMethodAccessorImpl.invoke(DelegatingMethodAccessorImpl.java:43)
at java.lang.reflect.Method.invoke(Method.java:498)
at org.testng.internal.MethodInvocationHelper.invokeMethod(MethodInvocationHelper.java:133)
at org.testng.internal.TestInvoker.invokeMethod(TestInvoker.java:584)
at org.testng.internal.TestInvoker.invokeTestMethod(TestInvoker.java:172)
at org.testng.internal.MethodRunner.runInSequence(MethodRunner.java:46)
at org.testng.internal.TestInvoker$MethodInvocationAgent.invoke(TestInvoker.java:804)
at org.testng.internal.TestInvoker.invokeTestMethods(TestInvoker.java:145)
at org.testng.internal.TestMethodWorker.invokeTestMethods(TestMethodWorker.java:146)
at org.testng.internal.TestMethodWorker.run(TestMethodWorker.java:128)
at java.util.ArrayList.forEach(ArrayList.java:1257)
at org.testng.TestRunner.privateRun(TestRunner.java:770)
at org.testng.TestRunner.run(TestRunner.java:591)
at org.testng.SuiteRunner.runTest(SuiteRunner.java:402)
at org.testng.SuiteRunner.runSequentially(SuiteRunner.java:396)
at org.testng.SuiteRunner.privateRun(SuiteRunner.java:355)
at org.testng.SuiteRunner.run(SuiteRunner.java:304)
at org.testng.SuiteRunnerWorker.runSuite(SuiteRunnerWorker.java:53)
at org.testng.SuiteRunnerWorker.run(SuiteRunnerWorker.java:96)
at org.testng.TestNG.runSuitesSequentially(TestNG.java:1180)
at org.testng.TestNG.runSuitesLocally(TestNG.java:1102)
at org.testng.TestNG.runSuites(TestNG.java:1032)
at org.testng.TestNG.run(TestNG.java:1000)
at org.testng.remote.AbstractRemoteTestNG.run(AbstractRemoteTestNG.java:115)
at org.testng.remote.RemoteTestNG.initAndRun(RemoteTestNG.java:251)
at org.testng.remote.RemoteTestNG.main(RemoteTestNG.java:77)
]]>
            </full-stacktrace>
          </exception> <!-- org.openqa.selenium.NoSuchElementException -->
          <reporter-output>
          </reporter-output>
        </test-method> <!-- fetchHolidayHomes -->
        <test-method status="PASS" signature="endApplication()[pri:0, instance:com.cognizant.tests.testScenario4.TC42_AmenitiesBasedFilter@1e2adc7]" name="endApplication" is-config="true" duration-ms="0" started-at="2020-06-23T22:40:30 IST" finished-at="2020-06-23T22:40:30 IST">
          <reporter-output>
          </reporter-output>
        </test-method> <!-- endApplication -->
      </class> <!-- com.cognizant.tests.testScenario4.TC42_AmenitiesBasedFilter -->
      <class name="com.cognizant.tests.testScenario2.TC21_FetchHolidaysWithDates">
        <test-method status="PASS" signature="startApplication()[pri:0, instance:com.cognizant.tests.testScenario2.TC21_FetchHolidaysWithDates@2d773b]" name="startApplication" is-config="true" duration-ms="19928" started-at="2020-06-23T22:29:40 IST" finished-at="2020-06-23T22:30:00 IST">
          <reporter-output>
          </reporter-output>
        </test-method> <!-- startApplication -->
        <test-method status="PASS" signature="fetchHolidayHomes()[pri:0, instance:com.cognizant.tests.testScenario2.TC21_FetchHolidaysWithDates@2d773b]" name="fetchHolidayHomes" duration-ms="105694" started-at="2020-06-23T22:30:00 IST" finished-at="2020-06-23T22:31:46 IST">
          <reporter-output>
          </reporter-output>
        </test-method> <!-- fetchHolidayHomes -->
        <test-method status="PASS" signature="endApplication()[pri:0, instance:com.cognizant.tests.testScenario2.TC21_FetchHolidaysWithDates@2d773b]" name="endApplication" is-config="true" duration-ms="0" started-at="2020-06-23T22:31:46 IST" finished-at="2020-06-23T22:31:46 IST">
          <reporter-output>
          </reporter-output>
        </test-method> <!-- endApplication -->
      </class> <!-- com.cognizant.tests.testScenario2.TC21_FetchHolidaysWithDates -->
      <class name="com.cognizant.tests.testScenario5.TC51_FetchHolidaysHomesAllFilters">
        <test-method status="PASS" signature="startApplication()[pri:0, instance:com.cognizant.tests.testScenario5.TC51_FetchHolidaysHomesAllFilters@31330c]" name="startApplication" is-config="true" duration-ms="29472" started-at="2020-06-23T22:44:15 IST" finished-at="2020-06-23T22:44:44 IST">
          <reporter-output>
          </reporter-output>
        </test-method> <!-- startApplication -->
        <test-method status="FAIL" signature="fetchHolidayHomes(java.lang.String, java.lang.String, java.lang.Double, java.lang.Double, java.lang.String, java.lang.String, java.lang.String)[pri:0, instance:com.cognizant.tests.testScenario5.TC51_FetchHolidaysHomesAllFilters@31330c]" name="fetchHolidayHomes" duration-ms="89035" started-at="2020-06-23T22:44:45 IST" data-provider="TripAdvisor data" finished-at="2020-06-23T22:46:14 IST">
          <params>
            <param index="0">
              <value>
                <![CDATA[Nairobi,Kenya,Africa]]>
              </value>
            </param>
            <param index="1">
              <value>
                <![CDATA[tomorrow date]]>
              </value>
            </param>
            <param index="2">
              <value>
                <![CDATA[5.0]]>
              </value>
            </param>
            <param index="3">
              <value>
                <![CDATA[4.0]]>
              </value>
            </param>
            <param index="4">
              <value>
                <![CDATA[Traveller Rating]]>
              </value>
            </param>
            <param index="5">
              <value>
                <![CDATA[Pet friendly]]>
              </value>
            </param>
            <param index="6">
              <value>
                <![CDATA[Wi-Fi]]>
              </value>
            </param>
          </params>
          <exception class="org.openqa.selenium.StaleElementReferenceException">
            <message>
              <![CDATA[stale element reference: element is not attached to the page document
  (Session info: chrome=83.0.4103.106)
For documentation on this error, please visit: https://www.seleniumhq.org/exceptions/stale_element_reference.html
Build info: version: '3.141.59', revision: 'e82be7d358', time: '2018-11-14T08:17:03'
System info: host: 'NEW-PC', ip: '192.168.43.251', os.name: 'Windows 7', os.arch: 'x86', os.version: '6.1', java.version: '1.8.0_251'
Driver info: org.openqa.selenium.chrome.ChromeDriver
Capabilities {acceptInsecureCerts: false, browserName: chrome, browserVersion: 83.0.4103.106, chrome: {chromedriverVersion: 83.0.4103.39 (ccbf011cb2d2b..., userDataDir: C:\Users\New\AppData\Local\...}, goog:chromeOptions: {debuggerAddress: localhost:62634}, javascriptEnabled: true, networkConnectionEnabled: false, pageLoadStrategy: normal, platform: WINDOWS, platformName: WINDOWS, proxy: Proxy(), setWindowRect: true, strictFileInteractability: false, timeouts: {implicit: 0, pageLoad: 300000, script: 30000}, unhandledPromptBehavior: dismiss and notify, webauthn:virtualAuthenticators: true}
Session ID: cc21e9fb68e3ff896fd67e5c0a429b2a]]>
            </message>
            <full-stacktrace>
              <![CDATA[org.openqa.selenium.StaleElementReferenceException: stale element reference: element is not attached to the page document
  (Session info: chrome=83.0.4103.106)
For documentation on this error, please visit: https://www.seleniumhq.org/exceptions/stale_element_reference.html
Build info: version: '3.141.59', revision: 'e82be7d358', time: '2018-11-14T08:17:03'
System info: host: 'NEW-PC', ip: '192.168.43.251', os.name: 'Windows 7', os.arch: 'x86', os.version: '6.1', java.version: '1.8.0_251'
Driver info: org.openqa.selenium.chrome.ChromeDriver
Capabilities {acceptInsecureCerts: false, browserName: chrome, browserVersion: 83.0.4103.106, chrome: {chromedriverVersion: 83.0.4103.39 (ccbf011cb2d2b..., userDataDir: C:\Users\New\AppData\Local\...}, goog:chromeOptions: {debuggerAddress: localhost:62634}, javascriptEnabled: true, networkConnectionEnabled: false, pageLoadStrategy: normal, platform: WINDOWS, platformName: WINDOWS, proxy: Proxy(), setWindowRect: true, strictFileInteractability: false, timeouts: {implicit: 0, pageLoad: 300000, script: 30000}, unhandledPromptBehavior: dismiss and notify, webauthn:virtualAuthenticators: true}
Session ID: cc21e9fb68e3ff896fd67e5c0a429b2a
at sun.reflect.NativeConstructorAccessorImpl.newInstance0(Native Method)
at sun.reflect.NativeConstructorAccessorImpl.newInstance(NativeConstructorAccessorImpl.java:62)
at sun.reflect.DelegatingConstructorAccessorImpl.newInstance(DelegatingConstructorAccessorImpl.java:45)
at java.lang.reflect.Constructor.newInstance(Constructor.java:423)
at org.openqa.selenium.remote.http.W3CHttpResponseCodec.createException(W3CHttpResponseCodec.java:187)
at org.openqa.selenium.remote.http.W3CHttpResponseCodec.decode(W3CHttpResponseCodec.java:122)
at org.openqa.selenium.remote.http.W3CHttpResponseCodec.decode(W3CHttpResponseCodec.java:49)
at org.openqa.selenium.remote.HttpCommandExecutor.execute(HttpCommandExecutor.java:158)
at org.openqa.selenium.remote.service.DriverCommandExecutor.execute(DriverCommandExecutor.java:83)
at org.openqa.selenium.remote.RemoteWebDriver.execute(RemoteWebDriver.java:552)
at org.openqa.selenium.remote.RemoteWebElement.execute(RemoteWebElement.java:285)
at org.openqa.selenium.remote.RemoteWebElement.isDisplayed(RemoteWebElement.java:326)
at org.openqa.selenium.support.ui.ExpectedConditions$9.apply(ExpectedConditions.java:274)
at org.openqa.selenium.support.ui.ExpectedConditions$9.apply(ExpectedConditions.java:270)
at org.openqa.selenium.support.ui.FluentWait.until(FluentWait.java:249)
at com.cognizant.businessFunctionality.CommonFunction.getHolidayHomes(CommonFunction.java:65)
at com.cognizant.tests.testScenario5.TC51_FetchHolidaysHomesAllFilters.displayDetails(TC51_FetchHolidaysHomesAllFilters.java:143)
at com.cognizant.tests.testScenario5.TC51_FetchHolidaysHomesAllFilters.fetchHolidayHomes(TC51_FetchHolidaysHomesAllFilters.java:197)
at sun.reflect.NativeMethodAccessorImpl.invoke0(Native Method)
at sun.reflect.NativeMethodAccessorImpl.invoke(NativeMethodAccessorImpl.java:62)
at sun.reflect.DelegatingMethodAccessorImpl.invoke(DelegatingMethodAccessorImpl.java:43)
at java.lang.reflect.Method.invoke(Method.java:498)
at org.testng.internal.MethodInvocationHelper.invokeMethod(MethodInvocationHelper.java:133)
at org.testng.internal.TestInvoker.invokeMethod(TestInvoker.java:584)
at org.testng.internal.TestInvoker.invokeTestMethod(TestInvoker.java:172)
at org.testng.internal.MethodRunner.runInSequence(MethodRunner.java:46)
at org.testng.internal.TestInvoker$MethodInvocationAgent.invoke(TestInvoker.java:804)
at org.testng.internal.TestInvoker.invokeTestMethods(TestInvoker.java:145)
at org.testng.internal.TestMethodWorker.invokeTestMethods(TestMethodWorker.java:146)
at org.testng.internal.TestMethodWorker.run(TestMethodWorker.java:128)
at java.util.ArrayList.forEach(ArrayList.java:1257)
at org.testng.TestRunner.privateRun(TestRunner.java:770)
at org.testng.TestRunner.run(TestRunner.java:591)
at org.testng.SuiteRunner.runTest(SuiteRunner.java:402)
at org.testng.SuiteRunner.runSequentially(SuiteRunner.java:396)
at org.testng.SuiteRunner.privateRun(SuiteRunner.java:355)
at org.testng.SuiteRunner.run(SuiteRunner.java:304)
at org.testng.SuiteRunnerWorker.runSuite(SuiteRunnerWorker.java:53)
at org.testng.SuiteRunnerWorker.run(SuiteRunnerWorker.java:96)
at org.testng.TestNG.runSuitesSequentially(TestNG.java:1180)
at org.testng.TestNG.runSuitesLocally(TestNG.java:1102)
at org.testng.TestNG.runSuites(TestNG.java:1032)
at org.testng.TestNG.run(TestNG.java:1000)
at org.testng.remote.AbstractRemoteTestNG.run(AbstractRemoteTestNG.java:115)
at org.testng.remote.RemoteTestNG.initAndRun(RemoteTestNG.java:251)
at org.testng.remote.RemoteTestNG.main(RemoteTestNG.java:77)
]]>
            </full-stacktrace>
          </exception> <!-- org.openqa.selenium.StaleElementReferenceException -->
          <reporter-output>
          </reporter-output>
        </test-method> <!-- fetchHolidayHomes -->
        <test-method status="FAIL" signature="fetchHolidayHomes(java.lang.String, java.lang.String, java.lang.Double, java.lang.Double, java.lang.String, java.lang.String, java.lang.String)[pri:0, instance:com.cognizant.tests.testScenario5.TC51_FetchHolidaysHomesAllFilters@31330c]" name="fetchHolidayHomes" duration-ms="103309" started-at="2020-06-23T22:46:14 IST" data-provider="TripAdvisor data" finished-at="2020-06-23T22:47:57 IST">
          <params>
            <param index="0">
              <value>
                <![CDATA[Nairobi,Kenya,Africa]]>
              </value>
            </param>
            <param index="1">
              <value>
                <![CDATA[tomorrow date]]>
              </value>
            </param>
            <param index="2">
              <value>
                <![CDATA[10.0]]>
              </value>
            </param>
            <param index="3">
              <value>
                <![CDATA[2.0]]>
              </value>
            </param>
            <param index="4">
              <value>
                <![CDATA[Low to High]]>
              </value>
            </param>
            <param index="5">
              <value>
                <![CDATA[Elder access]]>
              </value>
            </param>
            <param index="6">
              <value>
                <![CDATA[Internet]]>
              </value>
            </param>
          </params>
          <exception class="org.openqa.selenium.TimeoutException">
            <message>
              <![CDATA[Expected condition failed: waiting for element to be clickable: Proxy element for: DefaultElementLocator 'By.xpath: //input[contains(@placeholder,'Where')]' (tried for 30 second(s) with 500 milliseconds interval)]]>
            </message>
            <full-stacktrace>
              <![CDATA[org.openqa.selenium.TimeoutException: Expected condition failed: waiting for element to be clickable: Proxy element for: DefaultElementLocator 'By.xpath: //input[contains(@placeholder,'Where')]' (tried for 30 second(s) with 500 milliseconds interval)
at org.openqa.selenium.support.ui.WebDriverWait.timeoutException(WebDriverWait.java:95)
at org.openqa.selenium.support.ui.FluentWait.until(FluentWait.java:272)
at com.cognizant.businessFunctionality.CommonFunction.click(CommonFunction.java:49)
at com.cognizant.tests.testScenario5.TC51_FetchHolidaysHomesAllFilters.searchFor(TC51_FetchHolidaysHomesAllFilters.java:51)
at com.cognizant.tests.testScenario5.TC51_FetchHolidaysHomesAllFilters.fetchHolidayHomes(TC51_FetchHolidaysHomesAllFilters.java:186)
at sun.reflect.NativeMethodAccessorImpl.invoke0(Native Method)
at sun.reflect.NativeMethodAccessorImpl.invoke(NativeMethodAccessorImpl.java:62)
at sun.reflect.DelegatingMethodAccessorImpl.invoke(DelegatingMethodAccessorImpl.java:43)
at java.lang.reflect.Method.invoke(Method.java:498)
at org.testng.internal.MethodInvocationHelper.invokeMethod(MethodInvocationHelper.java:133)
at org.testng.internal.TestInvoker.invokeMethod(TestInvoker.java:584)
at org.testng.internal.TestInvoker.invokeTestMethod(TestInvoker.java:172)
at org.testng.internal.MethodRunner.runInSequence(MethodRunner.java:46)
at org.testng.internal.TestInvoker$MethodInvocationAgent.invoke(TestInvoker.java:804)
at org.testng.internal.TestInvoker.invokeTestMethods(TestInvoker.java:145)
at org.testng.internal.TestMethodWorker.invokeTestMethods(TestMethodWorker.java:146)
at org.testng.internal.TestMethodWorker.run(TestMethodWorker.java:128)
at java.util.ArrayList.forEach(ArrayList.java:1257)
at org.testng.TestRunner.privateRun(TestRunner.java:770)
at org.testng.TestRunner.run(TestRunner.java:591)
at org.testng.SuiteRunner.runTest(SuiteRunner.java:402)
at org.testng.SuiteRunner.runSequentially(SuiteRunner.java:396)
at org.testng.SuiteRunner.privateRun(SuiteRunner.java:355)
at org.testng.SuiteRunner.run(SuiteRunner.java:304)
at org.testng.SuiteRunnerWorker.runSuite(SuiteRunnerWorker.java:53)
at org.testng.SuiteRunnerWorker.run(SuiteRunnerWorker.java:96)
at org.testng.TestNG.runSuitesSequentially(TestNG.java:1180)
at org.testng.TestNG.runSuitesLocally(TestNG.java:1102)
at org.testng.TestNG.runSuites(TestNG.java:1032)
at org.testng.TestNG.run(TestNG.java:1000)
at org.testng.remote.AbstractRemoteTestNG.run(AbstractRemoteTestNG.java:115)
at org.testng.remote.RemoteTestNG.initAndRun(RemoteTestNG.java:251)
at org.testng.remote.RemoteTestNG.main(RemoteTestNG.java:77)
Caused by: org.openqa.selenium.NoSuchElementException: no such element: Unable to locate element: {"method":"xpath","selector":"//input[contains(@placeholder,'Where')]"}
  (Session info: chrome=83.0.4103.106)
For documentation on this error, please visit: https://www.seleniumhq.org/exceptions/no_such_element.html
Build info: version: '3.141.59', revision: 'e82be7d358', time: '2018-11-14T08:17:03'
System info: host: 'NEW-PC', ip: '192.168.43.251', os.name: 'Windows 7', os.arch: 'x86', os.version: '6.1', java.version: '1.8.0_251'
Driver info: org.openqa.selenium.chrome.ChromeDriver
Capabilities {acceptInsecureCerts: false, browserName: chrome, browserVersion: 83.0.4103.106, chrome: {chromedriverVersion: 83.0.4103.39 (ccbf011cb2d2b..., userDataDir: C:\Users\New\AppData\Local\...}, goog:chromeOptions: {debuggerAddress: localhost:62634}, javascriptEnabled: true, networkConnectionEnabled: false, pageLoadStrategy: normal, platform: WINDOWS, platformName: WINDOWS, proxy: Proxy(), setWindowRect: true, strictFileInteractability: false, timeouts: {implicit: 0, pageLoad: 300000, script: 30000}, unhandledPromptBehavior: dismiss and notify, webauthn:virtualAuthenticators: true}
Session ID: cc21e9fb68e3ff896fd67e5c0a429b2a
*** Element info: {Using=xpath, value=//input[contains(@placeholder,'Where')]}
at sun.reflect.NativeConstructorAccessorImpl.newInstance0(Native Method)
at sun.reflect.NativeConstructorAccessorImpl.newInstance(NativeConstructorAccessorImpl.java:62)
at sun.reflect.DelegatingConstructorAccessorImpl.newInstance(DelegatingConstructorAccessorImpl.java:45)
at java.lang.reflect.Constructor.newInstance(Constructor.java:423)
at org.openqa.selenium.remote.http.W3CHttpResponseCodec.createException(W3CHttpResponseCodec.java:187)
at org.openqa.selenium.remote.http.W3CHttpResponseCodec.decode(W3CHttpResponseCodec.java:122)
at org.openqa.selenium.remote.http.W3CHttpResponseCodec.decode(W3CHttpResponseCodec.java:49)
at org.openqa.selenium.remote.HttpCommandExecutor.execute(HttpCommandExecutor.java:158)
at org.openqa.selenium.remote.service.DriverCommandExecutor.execute(DriverCommandExecutor.java:83)
at org.openqa.selenium.remote.RemoteWebDriver.execute(RemoteWebDriver.java:552)
at org.openqa.selenium.remote.RemoteWebDriver.findElement(RemoteWebDriver.java:323)
at org.openqa.selenium.remote.RemoteWebDriver.findElementByXPath(RemoteWebDriver.java:428)
at org.openqa.selenium.By$ByXPath.findElement(By.java:353)
at org.openqa.selenium.remote.RemoteWebDriver.findElement(RemoteWebDriver.java:315)
at org.openqa.selenium.support.pagefactory.DefaultElementLocator.findElement(DefaultElementLocator.java:69)
at org.openqa.selenium.support.pagefactory.internal.LocatingElementHandler.invoke(LocatingElementHandler.java:38)
at com.sun.proxy.$Proxy15.isDisplayed(Unknown Source)
at org.openqa.selenium.support.ui.ExpectedConditions.elementIfVisible(ExpectedConditions.java:314)
at org.openqa.selenium.support.ui.ExpectedConditions.access$000(ExpectedConditions.java:43)
at org.openqa.selenium.support.ui.ExpectedConditions$10.apply(ExpectedConditions.java:300)
at org.openqa.selenium.support.ui.ExpectedConditions$10.apply(ExpectedConditions.java:297)
at org.openqa.selenium.support.ui.ExpectedConditions$23.apply(ExpectedConditions.java:670)
at org.openqa.selenium.support.ui.ExpectedConditions$23.apply(ExpectedConditions.java:666)
at org.openqa.selenium.support.ui.FluentWait.until(FluentWait.java:249)
... 31 more
]]>
            </full-stacktrace>
          </exception> <!-- org.openqa.selenium.TimeoutException -->
          <reporter-output>
          </reporter-output>
        </test-method> <!-- fetchHolidayHomes -->
        <test-method status="FAIL" signature="fetchHolidayHomes(java.lang.String, java.lang.String, java.lang.Double, java.lang.Double, java.lang.String, java.lang.String, java.lang.String)[pri:0, instance:com.cognizant.tests.testScenario5.TC51_FetchHolidaysHomesAllFilters@31330c]" name="fetchHolidayHomes" duration-ms="101154" started-at="2020-06-23T22:47:57 IST" data-provider="TripAdvisor data" finished-at="2020-06-23T22:49:38 IST">
          <params>
            <param index="0">
              <value>
                <![CDATA[Nairobi,Kenya,Africa]]>
              </value>
            </param>
            <param index="1">
              <value>
                <![CDATA[tomorrow date]]>
              </value>
            </param>
            <param index="2">
              <value>
                <![CDATA[6.0]]>
              </value>
            </param>
            <param index="3">
              <value>
                <![CDATA[6.0]]>
              </value>
            </param>
            <param index="4">
              <value>
                <![CDATA[High to Low]]>
              </value>
            </param>
            <param index="5">
              <value>
                <![CDATA[Kid Friendly]]>
              </value>
            </param>
            <param index="6">
              <value>
                <![CDATA[Elevator/Lift access]]>
              </value>
            </param>
          </params>
          <exception class="org.openqa.selenium.TimeoutException">
            <message>
              <![CDATA[Expected condition failed: waiting for element to be clickable: Proxy element for: DefaultElementLocator 'By.xpath: //input[contains(@placeholder,'Where')]' (tried for 30 second(s) with 500 milliseconds interval)]]>
            </message>
            <full-stacktrace>
              <![CDATA[org.openqa.selenium.TimeoutException: Expected condition failed: waiting for element to be clickable: Proxy element for: DefaultElementLocator 'By.xpath: //input[contains(@placeholder,'Where')]' (tried for 30 second(s) with 500 milliseconds interval)
at org.openqa.selenium.support.ui.WebDriverWait.timeoutException(WebDriverWait.java:95)
at org.openqa.selenium.support.ui.FluentWait.until(FluentWait.java:272)
at com.cognizant.businessFunctionality.CommonFunction.click(CommonFunction.java:49)
at com.cognizant.tests.testScenario5.TC51_FetchHolidaysHomesAllFilters.searchFor(TC51_FetchHolidaysHomesAllFilters.java:51)
at com.cognizant.tests.testScenario5.TC51_FetchHolidaysHomesAllFilters.fetchHolidayHomes(TC51_FetchHolidaysHomesAllFilters.java:186)
at sun.reflect.NativeMethodAccessorImpl.invoke0(Native Method)
at sun.reflect.NativeMethodAccessorImpl.invoke(NativeMethodAccessorImpl.java:62)
at sun.reflect.DelegatingMethodAccessorImpl.invoke(DelegatingMethodAccessorImpl.java:43)
at java.lang.reflect.Method.invoke(Method.java:498)
at org.testng.internal.MethodInvocationHelper.invokeMethod(MethodInvocationHelper.java:133)
at org.testng.internal.TestInvoker.invokeMethod(TestInvoker.java:584)
at org.testng.internal.TestInvoker.invokeTestMethod(TestInvoker.java:172)
at org.testng.internal.MethodRunner.runInSequence(MethodRunner.java:46)
at org.testng.internal.TestInvoker$MethodInvocationAgent.invoke(TestInvoker.java:804)
at org.testng.internal.TestInvoker.invokeTestMethods(TestInvoker.java:145)
at org.testng.internal.TestMethodWorker.invokeTestMethods(TestMethodWorker.java:146)
at org.testng.internal.TestMethodWorker.run(TestMethodWorker.java:128)
at java.util.ArrayList.forEach(ArrayList.java:1257)
at org.testng.TestRunner.privateRun(TestRunner.java:770)
at org.testng.TestRunner.run(TestRunner.java:591)
at org.testng.SuiteRunner.runTest(SuiteRunner.java:402)
at org.testng.SuiteRunner.runSequentially(SuiteRunner.java:396)
at org.testng.SuiteRunner.privateRun(SuiteRunner.java:355)
at org.testng.SuiteRunner.run(SuiteRunner.java:304)
at org.testng.SuiteRunnerWorker.runSuite(SuiteRunnerWorker.java:53)
at org.testng.SuiteRunnerWorker.run(SuiteRunnerWorker.java:96)
at org.testng.TestNG.runSuitesSequentially(TestNG.java:1180)
at org.testng.TestNG.runSuitesLocally(TestNG.java:1102)
at org.testng.TestNG.runSuites(TestNG.java:1032)
at org.testng.TestNG.run(TestNG.java:1000)
at org.testng.remote.AbstractRemoteTestNG.run(AbstractRemoteTestNG.java:115)
at org.testng.remote.RemoteTestNG.initAndRun(RemoteTestNG.java:251)
at org.testng.remote.RemoteTestNG.main(RemoteTestNG.java:77)
Caused by: org.openqa.selenium.NoSuchElementException: no such element: Unable to locate element: {"method":"xpath","selector":"//input[contains(@placeholder,'Where')]"}
  (Session info: chrome=83.0.4103.106)
For documentation on this error, please visit: https://www.seleniumhq.org/exceptions/no_such_element.html
Build info: version: '3.141.59', revision: 'e82be7d358', time: '2018-11-14T08:17:03'
System info: host: 'NEW-PC', ip: '192.168.43.251', os.name: 'Windows 7', os.arch: 'x86', os.version: '6.1', java.version: '1.8.0_251'
Driver info: org.openqa.selenium.chrome.ChromeDriver
Capabilities {acceptInsecureCerts: false, browserName: chrome, browserVersion: 83.0.4103.106, chrome: {chromedriverVersion: 83.0.4103.39 (ccbf011cb2d2b..., userDataDir: C:\Users\New\AppData\Local\...}, goog:chromeOptions: {debuggerAddress: localhost:62634}, javascriptEnabled: true, networkConnectionEnabled: false, pageLoadStrategy: normal, platform: WINDOWS, platformName: WINDOWS, proxy: Proxy(), setWindowRect: true, strictFileInteractability: false, timeouts: {implicit: 0, pageLoad: 300000, script: 30000}, unhandledPromptBehavior: dismiss and notify, webauthn:virtualAuthenticators: true}
Session ID: cc21e9fb68e3ff896fd67e5c0a429b2a
*** Element info: {Using=xpath, value=//input[contains(@placeholder,'Where')]}
at sun.reflect.NativeConstructorAccessorImpl.newInstance0(Native Method)
at sun.reflect.NativeConstructorAccessorImpl.newInstance(NativeConstructorAccessorImpl.java:62)
at sun.reflect.DelegatingConstructorAccessorImpl.newInstance(DelegatingConstructorAccessorImpl.java:45)
at java.lang.reflect.Constructor.newInstance(Constructor.java:423)
at org.openqa.selenium.remote.http.W3CHttpResponseCodec.createException(W3CHttpResponseCodec.java:187)
at org.openqa.selenium.remote.http.W3CHttpResponseCodec.decode(W3CHttpResponseCodec.java:122)
at org.openqa.selenium.remote.http.W3CHttpResponseCodec.decode(W3CHttpResponseCodec.java:49)
at org.openqa.selenium.remote.HttpCommandExecutor.execute(HttpCommandExecutor.java:158)
at org.openqa.selenium.remote.service.DriverCommandExecutor.execute(DriverCommandExecutor.java:83)
at org.openqa.selenium.remote.RemoteWebDriver.execute(RemoteWebDriver.java:552)
at org.openqa.selenium.remote.RemoteWebDriver.findElement(RemoteWebDriver.java:323)
at org.openqa.selenium.remote.RemoteWebDriver.findElementByXPath(RemoteWebDriver.java:428)
at org.openqa.selenium.By$ByXPath.findElement(By.java:353)
at org.openqa.selenium.remote.RemoteWebDriver.findElement(RemoteWebDriver.java:315)
at org.openqa.selenium.support.pagefactory.DefaultElementLocator.findElement(DefaultElementLocator.java:69)
at org.openqa.selenium.support.pagefactory.internal.LocatingElementHandler.invoke(LocatingElementHandler.java:38)
at com.sun.proxy.$Proxy15.isDisplayed(Unknown Source)
at org.openqa.selenium.support.ui.ExpectedConditions.elementIfVisible(ExpectedConditions.java:314)
at org.openqa.selenium.support.ui.ExpectedConditions.access$000(ExpectedConditions.java:43)
at org.openqa.selenium.support.ui.ExpectedConditions$10.apply(ExpectedConditions.java:300)
at org.openqa.selenium.support.ui.ExpectedConditions$10.apply(ExpectedConditions.java:297)
at org.openqa.selenium.support.ui.ExpectedConditions$23.apply(ExpectedConditions.java:670)
at org.openqa.selenium.support.ui.ExpectedConditions$23.apply(ExpectedConditions.java:666)
at org.openqa.selenium.support.ui.FluentWait.until(FluentWait.java:249)
... 31 more
]]>
            </full-stacktrace>
          </exception> <!-- org.openqa.selenium.TimeoutException -->
          <reporter-output>
          </reporter-output>
        </test-method> <!-- fetchHolidayHomes -->
        <test-method status="PASS" signature="endApplication()[pri:0, instance:com.cognizant.tests.testScenario5.TC51_FetchHolidaysHomesAllFilters@31330c]" name="endApplication" is-config="true" duration-ms="1" started-at="2020-06-23T22:49:38 IST" finished-at="2020-06-23T22:49:38 IST">
          <reporter-output>
          </reporter-output>
        </test-method> <!-- endApplication -->
      </class> <!-- com.cognizant.tests.testScenario5.TC51_FetchHolidaysHomesAllFilters -->
      <class name="com.cognizant.tests.testScenario6.TC63_CheckSearchButton">
        <test-method status="PASS" signature="startApplication()[pri:0, instance:com.cognizant.tests.testScenario6.TC63_CheckSearchButton@34e239]" name="startApplication" is-config="true" duration-ms="28811" started-at="2020-06-23T22:51:01 IST" finished-at="2020-06-23T22:51:30 IST">
          <reporter-output>
          </reporter-output>
        </test-method> <!-- startApplication -->
        <test-method status="PASS" signature="fetchCruises()[pri:0, instance:com.cognizant.tests.testScenario6.TC63_CheckSearchButton@34e239]" name="fetchCruises" duration-ms="17733" started-at="2020-06-23T22:51:30 IST" finished-at="2020-06-23T22:51:48 IST">
          <reporter-output>
          </reporter-output>
        </test-method> <!-- fetchCruises -->
        <test-method status="PASS" signature="endApplication()[pri:0, instance:com.cognizant.tests.testScenario6.TC63_CheckSearchButton@34e239]" name="endApplication" is-config="true" duration-ms="1" started-at="2020-06-23T22:51:48 IST" finished-at="2020-06-23T22:51:48 IST">
          <reporter-output>
          </reporter-output>
        </test-method> <!-- endApplication -->
      </class> <!-- com.cognizant.tests.testScenario6.TC63_CheckSearchButton -->
      <class name="com.cognizant.tests.testScenario4.TC43_SuitabilityBasedFilter">
        <test-method status="PASS" signature="startApplication()[pri:0, instance:com.cognizant.tests.testScenario4.TC43_SuitabilityBasedFilter@8a8f7c]" name="startApplication" is-config="true" duration-ms="20570" started-at="2020-06-23T22:40:30 IST" finished-at="2020-06-23T22:40:51 IST">
          <reporter-output>
          </reporter-output>
        </test-method> <!-- startApplication -->
        <test-method status="FAIL" signature="fetchHolidayHomes()[pri:0, instance:com.cognizant.tests.testScenario4.TC43_SuitabilityBasedFilter@8a8f7c]" name="fetchHolidayHomes" duration-ms="121106" started-at="2020-06-23T22:40:51 IST" finished-at="2020-06-23T22:42:52 IST">
          <exception class="org.openqa.selenium.NoSuchElementException">
            <message>
              <![CDATA[no such element: Unable to locate element: {"method":"xpath","selector":"//li[@class='yJ4mfBYR'][1]"}
  (Session info: chrome=83.0.4103.106)
For documentation on this error, please visit: https://www.seleniumhq.org/exceptions/no_such_element.html
Build info: version: '3.141.59', revision: 'e82be7d358', time: '2018-11-14T08:17:03'
System info: host: 'NEW-PC', ip: '192.168.43.251', os.name: 'Windows 7', os.arch: 'x86', os.version: '6.1', java.version: '1.8.0_251'
Driver info: org.openqa.selenium.chrome.ChromeDriver
Capabilities {acceptInsecureCerts: false, browserName: chrome, browserVersion: 83.0.4103.106, chrome: {chromedriverVersion: 83.0.4103.39 (ccbf011cb2d2b..., userDataDir: C:\Users\New\AppData\Local\...}, goog:chromeOptions: {debuggerAddress: localhost:62634}, javascriptEnabled: true, networkConnectionEnabled: false, pageLoadStrategy: normal, platform: WINDOWS, platformName: WINDOWS, proxy: Proxy(), setWindowRect: true, strictFileInteractability: false, timeouts: {implicit: 0, pageLoad: 300000, script: 30000}, unhandledPromptBehavior: dismiss and notify, webauthn:virtualAuthenticators: true}
Session ID: cc21e9fb68e3ff896fd67e5c0a429b2a
*** Element info: {Using=xpath, value=//li[@class='yJ4mfBYR'][1]}]]>
            </message>
            <full-stacktrace>
              <![CDATA[org.openqa.selenium.NoSuchElementException: no such element: Unable to locate element: {"method":"xpath","selector":"//li[@class='yJ4mfBYR'][1]"}
  (Session info: chrome=83.0.4103.106)
For documentation on this error, please visit: https://www.seleniumhq.org/exceptions/no_such_element.html
Build info: version: '3.141.59', revision: 'e82be7d358', time: '2018-11-14T08:17:03'
System info: host: 'NEW-PC', ip: '192.168.43.251', os.name: 'Windows 7', os.arch: 'x86', os.version: '6.1', java.version: '1.8.0_251'
Driver info: org.openqa.selenium.chrome.ChromeDriver
Capabilities {acceptInsecureCerts: false, browserName: chrome, browserVersion: 83.0.4103.106, chrome: {chromedriverVersion: 83.0.4103.39 (ccbf011cb2d2b..., userDataDir: C:\Users\New\AppData\Local\...}, goog:chromeOptions: {debuggerAddress: localhost:62634}, javascriptEnabled: true, networkConnectionEnabled: false, pageLoadStrategy: normal, platform: WINDOWS, platformName: WINDOWS, proxy: Proxy(), setWindowRect: true, strictFileInteractability: false, timeouts: {implicit: 0, pageLoad: 300000, script: 30000}, unhandledPromptBehavior: dismiss and notify, webauthn:virtualAuthenticators: true}
Session ID: cc21e9fb68e3ff896fd67e5c0a429b2a
*** Element info: {Using=xpath, value=//li[@class='yJ4mfBYR'][1]}
at sun.reflect.NativeConstructorAccessorImpl.newInstance0(Native Method)
at sun.reflect.NativeConstructorAccessorImpl.newInstance(NativeConstructorAccessorImpl.java:62)
at sun.reflect.DelegatingConstructorAccessorImpl.newInstance(DelegatingConstructorAccessorImpl.java:45)
at java.lang.reflect.Constructor.newInstance(Constructor.java:423)
at org.openqa.selenium.remote.http.W3CHttpResponseCodec.createException(W3CHttpResponseCodec.java:187)
at org.openqa.selenium.remote.http.W3CHttpResponseCodec.decode(W3CHttpResponseCodec.java:122)
at org.openqa.selenium.remote.http.W3CHttpResponseCodec.decode(W3CHttpResponseCodec.java:49)
at org.openqa.selenium.remote.HttpCommandExecutor.execute(HttpCommandExecutor.java:158)
at org.openqa.selenium.remote.service.DriverCommandExecutor.execute(DriverCommandExecutor.java:83)
at org.openqa.selenium.remote.RemoteWebDriver.execute(RemoteWebDriver.java:552)
at org.openqa.selenium.remote.RemoteWebDriver.findElement(RemoteWebDriver.java:323)
at org.openqa.selenium.remote.RemoteWebDriver.findElementByXPath(RemoteWebDriver.java:428)
at org.openqa.selenium.By$ByXPath.findElement(By.java:353)
at org.openqa.selenium.remote.RemoteWebDriver.findElement(RemoteWebDriver.java:315)
at org.openqa.selenium.support.pagefactory.DefaultElementLocator.findElement(DefaultElementLocator.java:69)
at org.openqa.selenium.support.pagefactory.internal.LocatingElementHandler.invoke(LocatingElementHandler.java:38)
at com.sun.proxy.$Proxy15.getWrappedElement(Unknown Source)
at org.openqa.selenium.remote.internal.WebElementToJsonConverter.apply(WebElementToJsonConverter.java:50)
at java.util.stream.ReferencePipeline$3$1.accept(ReferencePipeline.java:193)
at java.util.Spliterators$ArraySpliterator.forEachRemaining(Spliterators.java:948)
at java.util.stream.AbstractPipeline.copyInto(AbstractPipeline.java:482)
at java.util.stream.AbstractPipeline.wrapAndCopyInto(AbstractPipeline.java:472)
at java.util.stream.ReduceOps$ReduceOp.evaluateSequential(ReduceOps.java:708)
at java.util.stream.AbstractPipeline.evaluate(AbstractPipeline.java:234)
at java.util.stream.ReferencePipeline.collect(ReferencePipeline.java:499)
at org.openqa.selenium.remote.RemoteWebDriver.executeScript(RemoteWebDriver.java:484)
at com.cognizant.businessFunctionality.CommonFunction.getChosenFilters(CommonFunction.java:88)
at com.cognizant.tests.testScenario4.TC43_SuitabilityBasedFilter.choosingSuitability(TC43_SuitabilityBasedFilter.java:78)
at com.cognizant.tests.testScenario4.TC43_SuitabilityBasedFilter.fetchHolidayHomes(TC43_SuitabilityBasedFilter.java:124)
at sun.reflect.NativeMethodAccessorImpl.invoke0(Native Method)
at sun.reflect.NativeMethodAccessorImpl.invoke(NativeMethodAccessorImpl.java:62)
at sun.reflect.DelegatingMethodAccessorImpl.invoke(DelegatingMethodAccessorImpl.java:43)
at java.lang.reflect.Method.invoke(Method.java:498)
at org.testng.internal.MethodInvocationHelper.invokeMethod(MethodInvocationHelper.java:133)
at org.testng.internal.TestInvoker.invokeMethod(TestInvoker.java:584)
at org.testng.internal.TestInvoker.invokeTestMethod(TestInvoker.java:172)
at org.testng.internal.MethodRunner.runInSequence(MethodRunner.java:46)
at org.testng.internal.TestInvoker$MethodInvocationAgent.invoke(TestInvoker.java:804)
at org.testng.internal.TestInvoker.invokeTestMethods(TestInvoker.java:145)
at org.testng.internal.TestMethodWorker.invokeTestMethods(TestMethodWorker.java:146)
at org.testng.internal.TestMethodWorker.run(TestMethodWorker.java:128)
at java.util.ArrayList.forEach(ArrayList.java:1257)
at org.testng.TestRunner.privateRun(TestRunner.java:770)
at org.testng.TestRunner.run(TestRunner.java:591)
at org.testng.SuiteRunner.runTest(SuiteRunner.java:402)
at org.testng.SuiteRunner.runSequentially(SuiteRunner.java:396)
at org.testng.SuiteRunner.privateRun(SuiteRunner.java:355)
at org.testng.SuiteRunner.run(SuiteRunner.java:304)
at org.testng.SuiteRunnerWorker.runSuite(SuiteRunnerWorker.java:53)
at org.testng.SuiteRunnerWorker.run(SuiteRunnerWorker.java:96)
at org.testng.TestNG.runSuitesSequentially(TestNG.java:1180)
at org.testng.TestNG.runSuitesLocally(TestNG.java:1102)
at org.testng.TestNG.runSuites(TestNG.java:1032)
at org.testng.TestNG.run(TestNG.java:1000)
at org.testng.remote.AbstractRemoteTestNG.run(AbstractRemoteTestNG.java:115)
at org.testng.remote.RemoteTestNG.initAndRun(RemoteTestNG.java:251)
at org.testng.remote.RemoteTestNG.main(RemoteTestNG.java:77)
]]>
            </full-stacktrace>
          </exception> <!-- org.openqa.selenium.NoSuchElementException -->
          <reporter-output>
          </reporter-output>
        </test-method> <!-- fetchHolidayHomes -->
        <test-method status="PASS" signature="endApplication()[pri:0, instance:com.cognizant.tests.testScenario4.TC43_SuitabilityBasedFilter@8a8f7c]" name="endApplication" is-config="true" duration-ms="1" started-at="2020-06-23T22:42:52 IST" finished-at="2020-06-23T22:42:52 IST">
          <reporter-output>
          </reporter-output>
        </test-method> <!-- endApplication -->
      </class> <!-- com.cognizant.tests.testScenario4.TC43_SuitabilityBasedFilter -->
      <class name="com.cognizant.tests.testScenario1.TC11_CheckAutoSuggestion">
        <test-method status="PASS" signature="driverSetup(java.lang.String, java.lang.String)[pri:0, instance:com.cognizant.tests.testScenario1.TC11_CheckAutoSuggestion@b1ffe6]" name="driverSetup" is-config="true" duration-ms="18193" started-at="2020-06-23T22:20:56 IST" finished-at="2020-06-23T22:21:14 IST">
          <params>
            <param index="0">
              <value>
                <![CDATA[chrome]]>
              </value>
            </param>
            <param index="1">
              <value>
                <![CDATA[local]]>
              </value>
            </param>
          </params>
          <reporter-output>
          </reporter-output>
        </test-method> <!-- driverSetup -->
        <test-method status="PASS" signature="startApplication()[pri:0, instance:com.cognizant.tests.testScenario1.TC11_CheckAutoSuggestion@b1ffe6]" name="startApplication" is-config="true" duration-ms="73517" started-at="2020-06-23T22:21:14 IST" finished-at="2020-06-23T22:22:27 IST">
          <reporter-output>
          </reporter-output>
        </test-method> <!-- startApplication -->
        <test-method status="PASS" signature="fetchHolidayHomes()[pri:0, instance:com.cognizant.tests.testScenario1.TC11_CheckAutoSuggestion@b1ffe6]" name="fetchHolidayHomes" duration-ms="53669" started-at="2020-06-23T22:22:28 IST" finished-at="2020-06-23T22:23:21 IST">
          <reporter-output>
          </reporter-output>
        </test-method> <!-- fetchHolidayHomes -->
        <test-method status="PASS" signature="endApplication()[pri:0, instance:com.cognizant.tests.testScenario1.TC11_CheckAutoSuggestion@b1ffe6]" name="endApplication" is-config="true" duration-ms="1" started-at="2020-06-23T22:23:21 IST" finished-at="2020-06-23T22:23:21 IST">
          <reporter-output>
          </reporter-output>
        </test-method> <!-- endApplication -->
        <test-method status="PASS" signature="closeDriverSetup()[pri:0, instance:com.cognizant.tests.testScenario1.TC11_CheckAutoSuggestion@b1ffe6]" name="closeDriverSetup" is-config="true" duration-ms="6331" started-at="2020-06-23T22:53:30 IST" finished-at="2020-06-23T22:53:37 IST">
          <reporter-output>
          </reporter-output>
        </test-method> <!-- closeDriverSetup -->
      </class> <!-- com.cognizant.tests.testScenario1.TC11_CheckAutoSuggestion -->
      <class name="com.cognizant.tests.testScenario6.TC64_FetchCruiseDetails">
        <test-method status="PASS" signature="startApplication()[pri:0, instance:com.cognizant.tests.testScenario6.TC64_FetchCruiseDetails@1921e20]" name="startApplication" is-config="true" duration-ms="22926" started-at="2020-06-23T22:51:48 IST" finished-at="2020-06-23T22:52:11 IST">
          <reporter-output>
          </reporter-output>
        </test-method> <!-- startApplication -->
        <test-method status="PASS" signature="fetchCruises(java.lang.String, java.lang.String)[pri:0, instance:com.cognizant.tests.testScenario6.TC64_FetchCruiseDetails@1921e20]" name="fetchCruises" duration-ms="36996" started-at="2020-06-23T22:52:19 IST" data-provider="Cruise data" finished-at="2020-06-23T22:52:56 IST">
          <params>
            <param index="0">
              <value>
                <![CDATA[AmaWaterways]]>
              </value>
            </param>
            <param index="1">
              <value>
                <![CDATA[AmaCerto]]>
              </value>
            </param>
          </params>
          <reporter-output>
          </reporter-output>
        </test-method> <!-- fetchCruises -->
        <test-method status="PASS" signature="fetchCruises(java.lang.String, java.lang.String)[pri:0, instance:com.cognizant.tests.testScenario6.TC64_FetchCruiseDetails@1921e20]" name="fetchCruises" duration-ms="33113" started-at="2020-06-23T22:52:56 IST" data-provider="Cruise data" finished-at="2020-06-23T22:53:29 IST">
          <params>
            <param index="0">
              <value>
                <![CDATA[APT]]>
              </value>
            </param>
            <param index="1">
              <value>
                <![CDATA[AmaLotus]]>
              </value>
            </param>
          </params>
          <reporter-output>
          </reporter-output>
        </test-method> <!-- fetchCruises -->
        <test-method status="PASS" signature="endApplication()[pri:0, instance:com.cognizant.tests.testScenario6.TC64_FetchCruiseDetails@1921e20]" name="endApplication" is-config="true" duration-ms="1" started-at="2020-06-23T22:53:29 IST" finished-at="2020-06-23T22:53:29 IST">
          <reporter-output>
          </reporter-output>
        </test-method> <!-- endApplication -->
      </class> <!-- com.cognizant.tests.testScenario6.TC64_FetchCruiseDetails -->
    </test> <!-- Cruise Test -->
  </suite> <!-- Suite -->
</testng-results>
